25-04-16.10:20:12.331 [main            ] INFO  Application            - Starting Application using Java 1.8.0_391 on joe with PID 76152 (D:\java_study_foundation\big-market\big-market-app\target\classes started by 12789 in D:\java_study_foundation\big-market)
25-04-16.10:20:12.334 [main            ] INFO  Application            - The following 1 profile is active: "dev"
25-04-16.10:20:13.699 [main            ] INFO  RepositoryConfigurationDelegate - Multiple Spring Data modules found, entering strict repository configuration mode
25-04-16.10:20:13.702 [main            ] INFO  RepositoryConfigurationDelegate - Bootstrapping Spring Data Redis repositories in DEFAULT mode.
25-04-16.10:20:13.801 [main            ] INFO  RepositoryConfigurationDelegate - Finished Spring Data repository scanning in 78 ms. Found 0 Redis repository interfaces.
25-04-16.10:20:14.743 [main            ] INFO  TomcatWebServer        - Tomcat initialized with port(s): 8091 (http)
25-04-16.10:20:14.753 [main            ] INFO  Http11NioProtocol      - Initializing ProtocolHandler ["http-nio-8091"]
25-04-16.10:20:14.753 [main            ] INFO  StandardService        - Starting service [Tomcat]
25-04-16.10:20:14.753 [main            ] INFO  StandardEngine         - Starting Servlet engine: [Apache Tomcat/9.0.75]
25-04-16.10:20:15.036 [main            ] INFO  [/]                    - Initializing Spring embedded WebApplicationContext
25-04-16.10:20:15.037 [main            ] INFO  ServletWebServerApplicationContext - Root WebApplicationContext: initialization completed in 2636 ms
25-04-16.10:20:15.462 [main            ] INFO  Version                - Redisson 3.23.4
25-04-16.10:20:16.142 [redisson-netty-2-5] INFO  MasterPubSubConnectionPool - 1 connections initialized for localhost/127.0.0.1:16379
25-04-16.10:20:16.169 [redisson-netty-2-14] INFO  MasterConnectionPool   - 5 connections initialized for localhost/127.0.0.1:16379
25-04-16.10:20:18.565 [main            ] INFO  EndpointLinksResolver  - Exposing 1 endpoint(s) beneath base path '/actuator'
25-04-16.10:20:18.684 [main            ] INFO  Http11NioProtocol      - Starting ProtocolHandler ["http-nio-8091"]
25-04-16.10:20:18.700 [main            ] INFO  TomcatWebServer        - Tomcat started on port(s): 8091 (http) with context path ''
25-04-16.10:20:18.703 [main            ] INFO  CachingConnectionFactory - Attempting to connect to: [127.0.0.1:5672]
25-04-16.10:20:18.746 [main            ] INFO  CachingConnectionFactory - Created new connection: rabbitConnectionFactory#22cb3d59:0/SimpleConnection@173a5fad [delegate=amqp://admin@127.0.0.1:5672/, localPort= 53011]
25-04-16.10:20:18.852 [main            ] INFO  Application            - Started Application in 7.153 seconds (JVM running for 8.313)
25-04-16.10:20:19.399 [RMI TCP Connection(1)-192.168.123.222] INFO  HikariDataSource       - Retail_HikariCP - Starting...
25-04-16.10:20:19.650 [RMI TCP Connection(1)-192.168.123.222] INFO  HikariDataSource       - Retail_HikariCP - Start completed.
25-04-16.10:20:19.671 [RMI TCP Connection(1)-192.168.123.222] INFO  HikariDataSource       - Retail_HikariCP - Starting...
25-04-16.10:20:19.709 [RMI TCP Connection(1)-192.168.123.222] INFO  HikariDataSource       - Retail_HikariCP - Start completed.
25-04-16.10:20:19.714 [RMI TCP Connection(4)-192.168.123.222] INFO  [/]                    - Initializing Spring DispatcherServlet 'dispatcherServlet'
25-04-16.10:20:19.715 [RMI TCP Connection(4)-192.168.123.222] INFO  DispatcherServlet      - Initializing Servlet 'dispatcherServlet'
25-04-16.10:20:19.716 [RMI TCP Connection(4)-192.168.123.222] INFO  DispatcherServlet      - Completed initialization in 1 ms
25-04-16.10:20:20.088 [scheduling-1    ] INFO  UpdateAwardStockJob    - 定时任务，更新奖品消耗库存 strategyId: 102 awardId: 102
25-04-16.10:20:20.106 [scheduling-1    ] INFO  HikariDataSource       - Retail_HikariCP - Starting...
25-04-16.10:20:20.136 [scheduling-1    ] INFO  HikariDataSource       - Retail_HikariCP - Start completed.
25-04-16.10:20:25.017 [scheduling-1    ] INFO  UpdateAwardStockJob    - 定时任务，更新奖品消耗库存 strategyId: 108 awardId: 108
25-04-16.10:23:22.824 [http-nio-8091-exec-24] INFO  RaffleActivityController - 活动装配，数据预热 activityId: 10006
25-04-16.10:23:22.858 [http-nio-8091-exec-24] ERROR RaffleActivityController - 活动装配，数据预热，失败 activityId: 10006
java.lang.NullPointerException: null
	at org.example.infrastructure.persistent.repository.ActivityRepository.queryRaffleActivityByActivityId(ActivityRepository.java:102)
	at org.example.infrastructure.persistent.repository.ActivityRepository$$FastClassBySpringCGLIB$$5fd30843.invoke(<generated>)
	at org.springframework.cglib.proxy.MethodProxy.invoke(MethodProxy.java:218)
	at org.springframework.aop.framework.CglibAopProxy$CglibMethodInvocation.invokeJoinpoint(CglibAopProxy.java:793)
	at org.springframework.aop.framework.ReflectiveMethodInvocation.proceed(ReflectiveMethodInvocation.java:163)
	at org.springframework.aop.framework.CglibAopProxy$CglibMethodInvocation.proceed(CglibAopProxy.java:763)
	at org.springframework.dao.support.PersistenceExceptionTranslationInterceptor.invoke(PersistenceExceptionTranslationInterceptor.java:137)
	at org.springframework.aop.framework.ReflectiveMethodInvocation.proceed(ReflectiveMethodInvocation.java:186)
	at org.springframework.aop.framework.CglibAopProxy$CglibMethodInvocation.proceed(CglibAopProxy.java:763)
	at org.springframework.aop.framework.CglibAopProxy$DynamicAdvisedInterceptor.intercept(CglibAopProxy.java:708)
	at org.example.infrastructure.persistent.repository.ActivityRepository$$EnhancerBySpringCGLIB$$eb0b64.queryRaffleActivityByActivityId(<generated>)
	at org.example.domain.activity.service.armory.ActivityArmory.assembleActivitySkuByActivityId(ActivityArmory.java:36)
	at org.example.trigger.http.RaffleActivityController.armory(RaffleActivityController.java:69)
	at sun.reflect.NativeMethodAccessorImpl.invoke0(Native Method)
	at sun.reflect.NativeMethodAccessorImpl.invoke(NativeMethodAccessorImpl.java:62)
	at sun.reflect.DelegatingMethodAccessorImpl.invoke(DelegatingMethodAccessorImpl.java:43)
	at java.lang.reflect.Method.invoke(Method.java:498)
	at org.springframework.web.method.support.InvocableHandlerMethod.doInvoke(InvocableHandlerMethod.java:205)
	at org.springframework.web.method.support.InvocableHandlerMethod.invokeForRequest(InvocableHandlerMethod.java:150)
	at org.springframework.web.servlet.mvc.method.annotation.ServletInvocableHandlerMethod.invokeAndHandle(ServletInvocableHandlerMethod.java:117)
	at org.springframework.web.servlet.mvc.method.annotation.RequestMappingHandlerAdapter.invokeHandlerMethod(RequestMappingHandlerAdapter.java:895)
	at org.springframework.web.servlet.mvc.method.annotation.RequestMappingHandlerAdapter.handleInternal(RequestMappingHandlerAdapter.java:808)
	at org.springframework.web.servlet.mvc.method.AbstractHandlerMethodAdapter.handle(AbstractHandlerMethodAdapter.java:87)
	at org.springframework.web.servlet.DispatcherServlet.doDispatch(DispatcherServlet.java:1072)
	at org.springframework.web.servlet.DispatcherServlet.doService(DispatcherServlet.java:965)
	at org.springframework.web.servlet.FrameworkServlet.processRequest(FrameworkServlet.java:1006)
	at org.springframework.web.servlet.FrameworkServlet.doGet(FrameworkServlet.java:898)
	at javax.servlet.http.HttpServlet.service(HttpServlet.java:529)
	at org.springframework.web.servlet.FrameworkServlet.service(FrameworkServlet.java:883)
	at javax.servlet.http.HttpServlet.service(HttpServlet.java:623)
	at org.apache.catalina.core.ApplicationFilterChain.internalDoFilter(ApplicationFilterChain.java:209)
	at org.apache.catalina.core.ApplicationFilterChain.doFilter(ApplicationFilterChain.java:153)
	at org.apache.tomcat.websocket.server.WsFilter.doFilter(WsFilter.java:51)
	at org.apache.catalina.core.ApplicationFilterChain.internalDoFilter(ApplicationFilterChain.java:178)
	at org.apache.catalina.core.ApplicationFilterChain.doFilter(ApplicationFilterChain.java:153)
	at org.springframework.web.filter.RequestContextFilter.doFilterInternal(RequestContextFilter.java:100)
	at org.springframework.web.filter.OncePerRequestFilter.doFilter(OncePerRequestFilter.java:117)
	at org.apache.catalina.core.ApplicationFilterChain.internalDoFilter(ApplicationFilterChain.java:178)
	at org.apache.catalina.core.ApplicationFilterChain.doFilter(ApplicationFilterChain.java:153)
	at org.springframework.web.filter.FormContentFilter.doFilterInternal(FormContentFilter.java:93)
	at org.springframework.web.filter.OncePerRequestFilter.doFilter(OncePerRequestFilter.java:117)
	at org.apache.catalina.core.ApplicationFilterChain.internalDoFilter(ApplicationFilterChain.java:178)
	at org.apache.catalina.core.ApplicationFilterChain.doFilter(ApplicationFilterChain.java:153)
	at org.springframework.boot.actuate.metrics.web.servlet.WebMvcMetricsFilter.doFilterInternal(WebMvcMetricsFilter.java:96)
	at org.springframework.web.filter.OncePerRequestFilter.doFilter(OncePerRequestFilter.java:117)
	at org.apache.catalina.core.ApplicationFilterChain.internalDoFilter(ApplicationFilterChain.java:178)
	at org.apache.catalina.core.ApplicationFilterChain.doFilter(ApplicationFilterChain.java:153)
	at org.springframework.web.filter.CharacterEncodingFilter.doFilterInternal(CharacterEncodingFilter.java:201)
	at org.springframework.web.filter.OncePerRequestFilter.doFilter(OncePerRequestFilter.java:117)
	at org.apache.catalina.core.ApplicationFilterChain.internalDoFilter(ApplicationFilterChain.java:178)
	at org.apache.catalina.core.ApplicationFilterChain.doFilter(ApplicationFilterChain.java:153)
	at org.apache.catalina.core.StandardWrapperValve.invoke(StandardWrapperValve.java:167)
	at org.apache.catalina.core.StandardContextValve.invoke(StandardContextValve.java:90)
	at org.apache.catalina.authenticator.AuthenticatorBase.invoke(AuthenticatorBase.java:481)
	at org.apache.catalina.core.StandardHostValve.invoke(StandardHostValve.java:130)
	at org.apache.catalina.valves.ErrorReportValve.invoke(ErrorReportValve.java:93)
	at org.apache.catalina.core.StandardEngineValve.invoke(StandardEngineValve.java:74)
	at org.apache.catalina.connector.CoyoteAdapter.service(CoyoteAdapter.java:343)
	at org.apache.coyote.http11.Http11Processor.service(Http11Processor.java:390)
	at org.apache.coyote.AbstractProcessorLight.process(AbstractProcessorLight.java:63)
	at org.apache.coyote.AbstractProtocol$ConnectionHandler.process(AbstractProtocol.java:926)
	at org.apache.tomcat.util.net.NioEndpoint$SocketProcessor.doRun(NioEndpoint.java:1791)
	at org.apache.tomcat.util.net.SocketProcessorBase.run(SocketProcessorBase.java:52)
	at org.apache.tomcat.util.threads.ThreadPoolExecutor.runWorker(ThreadPoolExecutor.java:1191)
	at org.apache.tomcat.util.threads.ThreadPoolExecutor$Worker.run(ThreadPoolExecutor.java:659)
	at org.apache.tomcat.util.threads.TaskThread$WrappingRunnable.run(TaskThread.java:61)
	at java.lang.Thread.run(Thread.java:750)
25-04-16.10:24:00.815 [http-nio-8091-exec-14] INFO  RaffleActivityController - 活动装配，数据预热 activityId: 100301
25-04-16.10:24:00.868 [http-nio-8091-exec-14] INFO  RaffleActivityController - 活动装配，数据预热，完成 activityId: 100301
25-04-16.10:24:05.201 [http-nio-8091-exec-8] INFO  RaffleActivityController - 活动抽奖 userId: null  activityId: 100301
25-04-16.10:24:05.294 [http-nio-8091-exec-8] ERROR RaffleActivityController - 活动抽奖失败 userId: null  activityId: 100301
org.example.types.exception.AppException: null
	at org.example.domain.activity.service.partake.RaffleActivityPartakeService.doFilterAccount(RaffleActivityPartakeService.java:38)
	at org.example.domain.activity.service.partake.AbstractRaffleActivityPartakeService.createOrder(AbstractRaffleActivityPartakeService.java:59)
	at org.example.domain.activity.service.partake.RaffleActivityPartakeService.createOrder(RaffleActivityPartakeService.java:114)
	at org.example.trigger.http.RaffleActivityController.draw(RaffleActivityController.java:120)
	at sun.reflect.NativeMethodAccessorImpl.invoke0(Native Method)
	at sun.reflect.NativeMethodAccessorImpl.invoke(NativeMethodAccessorImpl.java:62)
	at sun.reflect.DelegatingMethodAccessorImpl.invoke(DelegatingMethodAccessorImpl.java:43)
	at java.lang.reflect.Method.invoke(Method.java:498)
	at org.springframework.web.method.support.InvocableHandlerMethod.doInvoke(InvocableHandlerMethod.java:205)
	at org.springframework.web.method.support.InvocableHandlerMethod.invokeForRequest(InvocableHandlerMethod.java:150)
	at org.springframework.web.servlet.mvc.method.annotation.ServletInvocableHandlerMethod.invokeAndHandle(ServletInvocableHandlerMethod.java:117)
	at org.springframework.web.servlet.mvc.method.annotation.RequestMappingHandlerAdapter.invokeHandlerMethod(RequestMappingHandlerAdapter.java:895)
	at org.springframework.web.servlet.mvc.method.annotation.RequestMappingHandlerAdapter.handleInternal(RequestMappingHandlerAdapter.java:808)
	at org.springframework.web.servlet.mvc.method.AbstractHandlerMethodAdapter.handle(AbstractHandlerMethodAdapter.java:87)
	at org.springframework.web.servlet.DispatcherServlet.doDispatch(DispatcherServlet.java:1072)
	at org.springframework.web.servlet.DispatcherServlet.doService(DispatcherServlet.java:965)
	at org.springframework.web.servlet.FrameworkServlet.processRequest(FrameworkServlet.java:1006)
	at org.springframework.web.servlet.FrameworkServlet.doPost(FrameworkServlet.java:909)
	at javax.servlet.http.HttpServlet.service(HttpServlet.java:555)
	at org.springframework.web.servlet.FrameworkServlet.service(FrameworkServlet.java:883)
	at javax.servlet.http.HttpServlet.service(HttpServlet.java:623)
	at org.apache.catalina.core.ApplicationFilterChain.internalDoFilter(ApplicationFilterChain.java:209)
	at org.apache.catalina.core.ApplicationFilterChain.doFilter(ApplicationFilterChain.java:153)
	at org.apache.tomcat.websocket.server.WsFilter.doFilter(WsFilter.java:51)
	at org.apache.catalina.core.ApplicationFilterChain.internalDoFilter(ApplicationFilterChain.java:178)
	at org.apache.catalina.core.ApplicationFilterChain.doFilter(ApplicationFilterChain.java:153)
	at org.springframework.web.filter.RequestContextFilter.doFilterInternal(RequestContextFilter.java:100)
	at org.springframework.web.filter.OncePerRequestFilter.doFilter(OncePerRequestFilter.java:117)
	at org.apache.catalina.core.ApplicationFilterChain.internalDoFilter(ApplicationFilterChain.java:178)
	at org.apache.catalina.core.ApplicationFilterChain.doFilter(ApplicationFilterChain.java:153)
	at org.springframework.web.filter.FormContentFilter.doFilterInternal(FormContentFilter.java:93)
	at org.springframework.web.filter.OncePerRequestFilter.doFilter(OncePerRequestFilter.java:117)
	at org.apache.catalina.core.ApplicationFilterChain.internalDoFilter(ApplicationFilterChain.java:178)
	at org.apache.catalina.core.ApplicationFilterChain.doFilter(ApplicationFilterChain.java:153)
	at org.springframework.boot.actuate.metrics.web.servlet.WebMvcMetricsFilter.doFilterInternal(WebMvcMetricsFilter.java:96)
	at org.springframework.web.filter.OncePerRequestFilter.doFilter(OncePerRequestFilter.java:117)
	at org.apache.catalina.core.ApplicationFilterChain.internalDoFilter(ApplicationFilterChain.java:178)
	at org.apache.catalina.core.ApplicationFilterChain.doFilter(ApplicationFilterChain.java:153)
	at org.springframework.web.filter.CharacterEncodingFilter.doFilterInternal(CharacterEncodingFilter.java:201)
	at org.springframework.web.filter.OncePerRequestFilter.doFilter(OncePerRequestFilter.java:117)
	at org.apache.catalina.core.ApplicationFilterChain.internalDoFilter(ApplicationFilterChain.java:178)
	at org.apache.catalina.core.ApplicationFilterChain.doFilter(ApplicationFilterChain.java:153)
	at org.apache.catalina.core.StandardWrapperValve.invoke(StandardWrapperValve.java:167)
	at org.apache.catalina.core.StandardContextValve.invoke(StandardContextValve.java:90)
	at org.apache.catalina.authenticator.AuthenticatorBase.invoke(AuthenticatorBase.java:481)
	at org.apache.catalina.core.StandardHostValve.invoke(StandardHostValve.java:130)
	at org.apache.catalina.valves.ErrorReportValve.invoke(ErrorReportValve.java:93)
	at org.apache.catalina.core.StandardEngineValve.invoke(StandardEngineValve.java:74)
	at org.apache.catalina.connector.CoyoteAdapter.service(CoyoteAdapter.java:343)
	at org.apache.coyote.http11.Http11Processor.service(Http11Processor.java:390)
	at org.apache.coyote.AbstractProcessorLight.process(AbstractProcessorLight.java:63)
	at org.apache.coyote.AbstractProtocol$ConnectionHandler.process(AbstractProtocol.java:926)
	at org.apache.tomcat.util.net.NioEndpoint$SocketProcessor.doRun(NioEndpoint.java:1791)
	at org.apache.tomcat.util.net.SocketProcessorBase.run(SocketProcessorBase.java:52)
	at org.apache.tomcat.util.threads.ThreadPoolExecutor.runWorker(ThreadPoolExecutor.java:1191)
	at org.apache.tomcat.util.threads.ThreadPoolExecutor$Worker.run(ThreadPoolExecutor.java:659)
	at org.apache.tomcat.util.threads.TaskThread$WrappingRunnable.run(TaskThread.java:61)
	at java.lang.Thread.run(Thread.java:750)
25-04-16.10:25:22.810 [http-nio-8091-exec-35] INFO  RaffleActivityController - 活动装配，数据预热 activityId: 100301
25-04-16.10:25:22.837 [http-nio-8091-exec-35] INFO  RaffleActivityController - 活动装配，数据预热，完成 activityId: 100301
25-04-16.10:25:23.345 [http-nio-8091-exec-36] INFO  RaffleActivityController - 活动装配，数据预热 activityId: 100301
25-04-16.10:25:23.369 [http-nio-8091-exec-36] INFO  RaffleActivityController - 活动装配，数据预热，完成 activityId: 100301
25-04-16.10:25:37.183 [http-nio-8091-exec-37] INFO  RaffleActivityController - 活动抽奖 userId: null  activityId: 100301
25-04-16.10:25:37.194 [http-nio-8091-exec-37] ERROR RaffleActivityController - 活动抽奖失败 userId: null  activityId: 100301
org.example.types.exception.AppException: null
	at org.example.domain.activity.service.partake.RaffleActivityPartakeService.doFilterAccount(RaffleActivityPartakeService.java:38)
	at org.example.domain.activity.service.partake.AbstractRaffleActivityPartakeService.createOrder(AbstractRaffleActivityPartakeService.java:59)
	at org.example.domain.activity.service.partake.RaffleActivityPartakeService.createOrder(RaffleActivityPartakeService.java:114)
	at org.example.trigger.http.RaffleActivityController.draw(RaffleActivityController.java:120)
	at sun.reflect.NativeMethodAccessorImpl.invoke0(Native Method)
	at sun.reflect.NativeMethodAccessorImpl.invoke(NativeMethodAccessorImpl.java:62)
	at sun.reflect.DelegatingMethodAccessorImpl.invoke(DelegatingMethodAccessorImpl.java:43)
	at java.lang.reflect.Method.invoke(Method.java:498)
	at org.springframework.web.method.support.InvocableHandlerMethod.doInvoke(InvocableHandlerMethod.java:205)
	at org.springframework.web.method.support.InvocableHandlerMethod.invokeForRequest(InvocableHandlerMethod.java:150)
	at org.springframework.web.servlet.mvc.method.annotation.ServletInvocableHandlerMethod.invokeAndHandle(ServletInvocableHandlerMethod.java:117)
	at org.springframework.web.servlet.mvc.method.annotation.RequestMappingHandlerAdapter.invokeHandlerMethod(RequestMappingHandlerAdapter.java:895)
	at org.springframework.web.servlet.mvc.method.annotation.RequestMappingHandlerAdapter.handleInternal(RequestMappingHandlerAdapter.java:808)
	at org.springframework.web.servlet.mvc.method.AbstractHandlerMethodAdapter.handle(AbstractHandlerMethodAdapter.java:87)
	at org.springframework.web.servlet.DispatcherServlet.doDispatch(DispatcherServlet.java:1072)
	at org.springframework.web.servlet.DispatcherServlet.doService(DispatcherServlet.java:965)
	at org.springframework.web.servlet.FrameworkServlet.processRequest(FrameworkServlet.java:1006)
	at org.springframework.web.servlet.FrameworkServlet.doPost(FrameworkServlet.java:909)
	at javax.servlet.http.HttpServlet.service(HttpServlet.java:555)
	at org.springframework.web.servlet.FrameworkServlet.service(FrameworkServlet.java:883)
	at javax.servlet.http.HttpServlet.service(HttpServlet.java:623)
	at org.apache.catalina.core.ApplicationFilterChain.internalDoFilter(ApplicationFilterChain.java:209)
	at org.apache.catalina.core.ApplicationFilterChain.doFilter(ApplicationFilterChain.java:153)
	at org.apache.tomcat.websocket.server.WsFilter.doFilter(WsFilter.java:51)
	at org.apache.catalina.core.ApplicationFilterChain.internalDoFilter(ApplicationFilterChain.java:178)
	at org.apache.catalina.core.ApplicationFilterChain.doFilter(ApplicationFilterChain.java:153)
	at org.springframework.web.filter.RequestContextFilter.doFilterInternal(RequestContextFilter.java:100)
	at org.springframework.web.filter.OncePerRequestFilter.doFilter(OncePerRequestFilter.java:117)
	at org.apache.catalina.core.ApplicationFilterChain.internalDoFilter(ApplicationFilterChain.java:178)
	at org.apache.catalina.core.ApplicationFilterChain.doFilter(ApplicationFilterChain.java:153)
	at org.springframework.web.filter.FormContentFilter.doFilterInternal(FormContentFilter.java:93)
	at org.springframework.web.filter.OncePerRequestFilter.doFilter(OncePerRequestFilter.java:117)
	at org.apache.catalina.core.ApplicationFilterChain.internalDoFilter(ApplicationFilterChain.java:178)
	at org.apache.catalina.core.ApplicationFilterChain.doFilter(ApplicationFilterChain.java:153)
	at org.springframework.boot.actuate.metrics.web.servlet.WebMvcMetricsFilter.doFilterInternal(WebMvcMetricsFilter.java:96)
	at org.springframework.web.filter.OncePerRequestFilter.doFilter(OncePerRequestFilter.java:117)
	at org.apache.catalina.core.ApplicationFilterChain.internalDoFilter(ApplicationFilterChain.java:178)
	at org.apache.catalina.core.ApplicationFilterChain.doFilter(ApplicationFilterChain.java:153)
	at org.springframework.web.filter.CharacterEncodingFilter.doFilterInternal(CharacterEncodingFilter.java:201)
	at org.springframework.web.filter.OncePerRequestFilter.doFilter(OncePerRequestFilter.java:117)
	at org.apache.catalina.core.ApplicationFilterChain.internalDoFilter(ApplicationFilterChain.java:178)
	at org.apache.catalina.core.ApplicationFilterChain.doFilter(ApplicationFilterChain.java:153)
	at org.apache.catalina.core.StandardWrapperValve.invoke(StandardWrapperValve.java:167)
	at org.apache.catalina.core.StandardContextValve.invoke(StandardContextValve.java:90)
	at org.apache.catalina.authenticator.AuthenticatorBase.invoke(AuthenticatorBase.java:481)
	at org.apache.catalina.core.StandardHostValve.invoke(StandardHostValve.java:130)
	at org.apache.catalina.valves.ErrorReportValve.invoke(ErrorReportValve.java:93)
	at org.apache.catalina.core.StandardEngineValve.invoke(StandardEngineValve.java:74)
	at org.apache.catalina.connector.CoyoteAdapter.service(CoyoteAdapter.java:343)
	at org.apache.coyote.http11.Http11Processor.service(Http11Processor.java:390)
	at org.apache.coyote.AbstractProcessorLight.process(AbstractProcessorLight.java:63)
	at org.apache.coyote.AbstractProtocol$ConnectionHandler.process(AbstractProtocol.java:926)
	at org.apache.tomcat.util.net.NioEndpoint$SocketProcessor.doRun(NioEndpoint.java:1791)
	at org.apache.tomcat.util.net.SocketProcessorBase.run(SocketProcessorBase.java:52)
	at org.apache.tomcat.util.threads.ThreadPoolExecutor.runWorker(ThreadPoolExecutor.java:1191)
	at org.apache.tomcat.util.threads.ThreadPoolExecutor$Worker.run(ThreadPoolExecutor.java:659)
	at org.apache.tomcat.util.threads.TaskThread$WrappingRunnable.run(TaskThread.java:61)
	at java.lang.Thread.run(Thread.java:750)
25-04-16.10:29:30.986 [http-nio-8091-exec-46] INFO  RaffleActivityController - 活动装配，数据预热 activityId: 100301
25-04-16.10:29:31.009 [http-nio-8091-exec-46] INFO  RaffleActivityController - 活动装配，数据预热，完成 activityId: 100301
25-04-16.10:29:34.612 [http-nio-8091-exec-32] INFO  RaffleActivityController - 活动抽奖 userId: xiaofuge  activityId: 100301
25-04-16.10:29:34.736 [http-nio-8091-exec-32] INFO  DefaultLogicChain      - 抽奖责任链—默认处理 userId:xiaofuge strategyId:100006 ruleModel:rule_default awardId:107
25-04-16.10:29:34.738 [http-nio-8091-exec-32] INFO  AbstractRaffleStrategy - 抽奖策略计算-责任链: xiaofuge 100006 107 rule_default
25-04-16.10:29:34.759 [http-nio-8091-exec-32] INFO  RuleLockLogicTreeNode  - 规则过滤-次数锁 userId:xiaofuge strategyId:100006 awardId:107
25-04-16.10:29:34.768 [http-nio-8091-exec-32] INFO  DecisionTreeEngine     - 决策树引擎【规则树】treeId:tree_lock_1 node:rule_lock code:0000
25-04-16.10:29:34.769 [http-nio-8091-exec-32] INFO  RuleStockLogicTreeNode - 规则过滤-库存扣减 userId:xiaofuge strategyId:100006 awardId:107
25-04-16.10:29:34.803 [http-nio-8091-exec-32] INFO  DecisionTreeEngine     - 决策树引擎【规则树】treeId:tree_lock_1 node:rule_stock code:0001
25-04-16.10:29:34.803 [http-nio-8091-exec-32] INFO  AbstractRaffleStrategy - 抽奖策略计算-规则树 xiaofuge 100006 107 
25-04-16.10:29:35.003 [http-nio-8091-exec-32] INFO  EventPublisher         - 发送MQ消息 topic:send_award message:{"data":{"awardId":107,"awardTitle":"2等奖","userId":"xiaofuge"},"id":"82779243200","timestamp":"2025-04-16 10:29:34.82"}
25-04-16.10:29:35.012 [scheduling-1    ] INFO  UpdateAwardStockJob    - 定时任务，更新奖品消耗库存 strategyId: 102 awardId: 102
25-04-16.10:29:35.018 [org.springframework.amqp.rabbit.RabbitListenerEndpointContainer#1-1] INFO  SendAwardCustomer      - 监听用户奖品发送消息 topic: send_award message: {"data":{"awardId":107,"awardTitle":"2等奖","userId":"xiaofuge"},"id":"82779243200","timestamp":"2025-04-16 10:29:34.82"}
25-04-16.10:29:40.010 [scheduling-1    ] INFO  UpdateAwardStockJob    - 定时任务，更新奖品消耗库存 strategyId: 107 awardId: 107
25-04-16.10:32:13.633 [org.springframework.amqp.rabbit.RabbitListenerEndpointContainer#0-2] INFO  SimpleMessageListenerContainer - Waiting for workers to finish.
25-04-16.10:32:13.635 [org.springframework.amqp.rabbit.RabbitListenerEndpointContainer#1-2] INFO  SimpleMessageListenerContainer - Waiting for workers to finish.
25-04-16.10:32:14.107 [org.springframework.amqp.rabbit.RabbitListenerEndpointContainer#1-2] INFO  SimpleMessageListenerContainer - Successfully waited for workers to finish.
25-04-16.10:32:14.421 [org.springframework.amqp.rabbit.RabbitListenerEndpointContainer#0-2] INFO  SimpleMessageListenerContainer - Successfully waited for workers to finish.
25-04-16.10:32:14.800 [SpringApplicationShutdownHook] INFO  SimpleMessageListenerContainer - Shutdown ignored - container is already stopped
25-04-16.10:32:14.800 [SpringApplicationShutdownHook] INFO  SimpleMessageListenerContainer - Shutdown ignored - container is already stopped
25-04-16.10:32:21.278 [main            ] INFO  Application            - Starting Application using Java 1.8.0_391 on joe with PID 73956 (D:\java_study_foundation\big-market\big-market-app\target\classes started by 12789 in D:\java_study_foundation\big-market)
25-04-16.10:32:21.280 [main            ] INFO  Application            - The following 1 profile is active: "dev"
25-04-16.10:32:22.414 [main            ] INFO  RepositoryConfigurationDelegate - Multiple Spring Data modules found, entering strict repository configuration mode
25-04-16.10:32:22.416 [main            ] INFO  RepositoryConfigurationDelegate - Bootstrapping Spring Data Redis repositories in DEFAULT mode.
25-04-16.10:32:22.483 [main            ] INFO  RepositoryConfigurationDelegate - Finished Spring Data repository scanning in 55 ms. Found 0 Redis repository interfaces.
25-04-16.10:32:23.241 [main            ] INFO  TomcatWebServer        - Tomcat initialized with port(s): 8091 (http)
25-04-16.10:32:23.254 [main            ] INFO  Http11NioProtocol      - Initializing ProtocolHandler ["http-nio-8091"]
25-04-16.10:32:23.255 [main            ] INFO  StandardService        - Starting service [Tomcat]
25-04-16.10:32:23.255 [main            ] INFO  StandardEngine         - Starting Servlet engine: [Apache Tomcat/9.0.75]
25-04-16.10:32:23.560 [main            ] INFO  [/]                    - Initializing Spring embedded WebApplicationContext
25-04-16.10:32:23.561 [main            ] INFO  ServletWebServerApplicationContext - Root WebApplicationContext: initialization completed in 2226 ms
25-04-16.10:32:23.879 [main            ] INFO  Version                - Redisson 3.23.4
25-04-16.10:32:24.433 [redisson-netty-2-5] INFO  MasterPubSubConnectionPool - 1 connections initialized for localhost/127.0.0.1:16379
25-04-16.10:32:24.453 [redisson-netty-2-14] INFO  MasterConnectionPool   - 5 connections initialized for localhost/127.0.0.1:16379
25-04-16.10:32:26.391 [main            ] INFO  EndpointLinksResolver  - Exposing 1 endpoint(s) beneath base path '/actuator'
25-04-16.10:32:26.495 [main            ] INFO  Http11NioProtocol      - Starting ProtocolHandler ["http-nio-8091"]
25-04-16.10:32:26.508 [main            ] INFO  TomcatWebServer        - Tomcat started on port(s): 8091 (http) with context path ''
25-04-16.10:32:26.510 [main            ] INFO  CachingConnectionFactory - Attempting to connect to: [127.0.0.1:5672]
25-04-16.10:32:26.545 [main            ] INFO  CachingConnectionFactory - Created new connection: rabbitConnectionFactory#22cb3d59:0/SimpleConnection@173a5fad [delegate=amqp://admin@127.0.0.1:5672/, localPort= 53536]
25-04-16.10:32:26.647 [main            ] INFO  Application            - Started Application in 5.839 seconds (JVM running for 6.857)
25-04-16.10:32:26.997 [RMI TCP Connection(1)-192.168.123.222] INFO  [/]                    - Initializing Spring DispatcherServlet 'dispatcherServlet'
25-04-16.10:32:26.998 [RMI TCP Connection(1)-192.168.123.222] INFO  DispatcherServlet      - Initializing Servlet 'dispatcherServlet'
25-04-16.10:32:27.000 [RMI TCP Connection(1)-192.168.123.222] INFO  DispatcherServlet      - Completed initialization in 2 ms
25-04-16.10:32:27.305 [RMI TCP Connection(3)-192.168.123.222] INFO  HikariDataSource       - Retail_HikariCP - Starting...
25-04-16.10:32:27.557 [RMI TCP Connection(3)-192.168.123.222] INFO  HikariDataSource       - Retail_HikariCP - Start completed.
25-04-16.10:32:27.575 [RMI TCP Connection(3)-192.168.123.222] INFO  HikariDataSource       - Retail_HikariCP - Starting...
25-04-16.10:32:27.602 [RMI TCP Connection(3)-192.168.123.222] INFO  HikariDataSource       - Retail_HikariCP - Start completed.
25-04-16.10:33:31.197 [http-nio-8091-exec-2] INFO  RaffleStrategyController - 查询抽奖奖品列表配开始 userId:xiaofuge activityId：100301
25-04-16.10:33:31.203 [http-nio-8091-exec-2] INFO  HikariDataSource       - Retail_HikariCP - Starting...
25-04-16.10:33:31.231 [http-nio-8091-exec-2] INFO  HikariDataSource       - Retail_HikariCP - Start completed.
25-04-16.10:33:31.492 [http-nio-8091-exec-2] INFO  RaffleStrategyController - 查询抽奖奖品列表配置完成 userId:xiaofuge activityId：100301 response: {"code":"0000","data":[{"awardId":101,"awardTitle":"随机积分","isAwardUnlock":true,"sort":1,"waitUnLockCount":0},{"awardId":102,"awardTitle":"7等奖","isAwardUnlock":true,"sort":2,"waitUnLockCount":0},{"awardId":103,"awardTitle":"6等奖","isAwardUnlock":true,"sort":3,"waitUnLockCount":0},{"awardId":104,"awardTitle":"5等奖","isAwardUnlock":true,"sort":4,"waitUnLockCount":0},{"awardId":105,"awardTitle":"4等奖","isAwardUnlock":true,"sort":5,"waitUnLockCount":0},{"awardId":106,"awardRuleLockCount":1,"awardSubtitle":"抽奖1次后解锁","awardTitle":"3等奖","isAwardUnlock":true,"sort":6,"waitUnLockCount":0},{"awardId":107,"awardRuleLockCount":1,"awardSubtitle":"抽奖1次后解锁","awardTitle":"2等奖","isAwardUnlock":true,"sort":7,"waitUnLockCount":0},{"awardId":108,"awardRuleLockCount":2,"awardSubtitle":"抽奖2次后解锁","awardTitle":"1等奖","isAwardUnlock":true,"sort":8,"waitUnLockCount":0}],"info":"成功"}
25-04-16.10:34:57.308 [http-nio-8091-exec-20] WARN  DefaultHandlerExceptionResolver - Resolved [org.springframework.web.HttpRequestMethodNotSupportedException: Request method 'GET' not supported]
25-04-16.10:45:21.474 [http-nio-8091-exec-37] INFO  RaffleActivityController - 活动抽奖 userId: xiaofuge  activityId: 100301
25-04-16.10:45:21.609 [http-nio-8091-exec-37] INFO  DefaultLogicChain      - 抽奖责任链—默认处理 userId:xiaofuge strategyId:100006 ruleModel:rule_default awardId:106
25-04-16.10:45:21.611 [http-nio-8091-exec-37] INFO  AbstractRaffleStrategy - 抽奖策略计算-责任链: xiaofuge 100006 106 rule_default
25-04-16.10:45:21.632 [http-nio-8091-exec-37] INFO  RuleLockLogicTreeNode  - 规则过滤-次数锁 userId:xiaofuge strategyId:100006 awardId:106
25-04-16.10:45:21.641 [http-nio-8091-exec-37] INFO  DecisionTreeEngine     - 决策树引擎【规则树】treeId:tree_lock_1 node:rule_lock code:0000
25-04-16.10:45:21.643 [http-nio-8091-exec-37] INFO  RuleStockLogicTreeNode - 规则过滤-库存扣减 userId:xiaofuge strategyId:100006 awardId:106
25-04-16.10:45:21.685 [http-nio-8091-exec-37] INFO  DecisionTreeEngine     - 决策树引擎【规则树】treeId:tree_lock_1 node:rule_stock code:0001
25-04-16.10:45:21.685 [http-nio-8091-exec-37] INFO  AbstractRaffleStrategy - 抽奖策略计算-规则树 xiaofuge 100006 106 
25-04-16.10:45:21.777 [http-nio-8091-exec-37] INFO  EventPublisher         - 发送MQ消息 topic:send_award message:{"data":{"awardId":106,"awardTitle":"3等奖","userId":"xiaofuge"},"id":"69326924409","timestamp":"2025-04-16 10:45:21.695"}
25-04-16.10:45:21.799 [org.springframework.amqp.rabbit.RabbitListenerEndpointContainer#1-1] INFO  SendAwardCustomer      - 监听用户奖品发送消息 topic: send_award message: {"data":{"awardId":106,"awardTitle":"3等奖","userId":"xiaofuge"},"id":"69326924409","timestamp":"2025-04-16 10:45:21.695"}
25-04-16.10:45:25.017 [scheduling-1    ] INFO  UpdateAwardStockJob    - 定时任务，更新奖品消耗库存 strategyId: 106 awardId: 106
25-04-16.10:45:35.383 [http-nio-8091-exec-38] INFO  RaffleActivityController - 活动抽奖 userId: xiaofuge  activityId: 100301
25-04-16.10:45:35.442 [http-nio-8091-exec-38] INFO  DefaultLogicChain      - 抽奖责任链—默认处理 userId:xiaofuge strategyId:100006 ruleModel:rule_default awardId:101
25-04-16.10:45:35.442 [http-nio-8091-exec-38] INFO  AbstractRaffleStrategy - 抽奖策略计算-责任链: xiaofuge 100006 101 rule_default
25-04-16.10:45:35.451 [http-nio-8091-exec-38] INFO  RuleStockLogicTreeNode - 规则过滤-库存扣减 userId:xiaofuge strategyId:100006 awardId:101
25-04-16.10:45:35.457 [http-nio-8091-exec-38] INFO  DecisionTreeEngine     - 决策树引擎【规则树-兜底奖励】treeId:tree_luck_award node:rule_stock code:0001
25-04-16.10:45:35.457 [http-nio-8091-exec-38] INFO  AbstractRaffleStrategy - 抽奖策略计算-规则树 xiaofuge 100006 101 
25-04-16.10:45:35.497 [http-nio-8091-exec-38] INFO  EventPublisher         - 发送MQ消息 topic:send_award message:{"data":{"awardId":101,"awardTitle":"随机积分","userId":"xiaofuge"},"id":"70642298484","timestamp":"2025-04-16 10:45:35.467"}
25-04-16.10:45:35.501 [org.springframework.amqp.rabbit.RabbitListenerEndpointContainer#1-1] INFO  SendAwardCustomer      - 监听用户奖品发送消息 topic: send_award message: {"data":{"awardId":101,"awardTitle":"随机积分","userId":"xiaofuge"},"id":"70642298484","timestamp":"2025-04-16 10:45:35.467"}
25-04-16.10:45:38.030 [http-nio-8091-exec-39] INFO  RaffleActivityController - 活动抽奖 userId: xiaofuge  activityId: 100301
25-04-16.10:45:38.092 [http-nio-8091-exec-39] INFO  DefaultLogicChain      - 抽奖责任链—默认处理 userId:xiaofuge strategyId:100006 ruleModel:rule_default awardId:106
25-04-16.10:45:38.092 [http-nio-8091-exec-39] INFO  AbstractRaffleStrategy - 抽奖策略计算-责任链: xiaofuge 100006 106 rule_default
25-04-16.10:45:38.099 [http-nio-8091-exec-39] INFO  RuleLockLogicTreeNode  - 规则过滤-次数锁 userId:xiaofuge strategyId:100006 awardId:106
25-04-16.10:45:38.104 [http-nio-8091-exec-39] INFO  DecisionTreeEngine     - 决策树引擎【规则树】treeId:tree_lock_1 node:rule_lock code:0000
25-04-16.10:45:38.104 [http-nio-8091-exec-39] INFO  RuleStockLogicTreeNode - 规则过滤-库存扣减 userId:xiaofuge strategyId:100006 awardId:106
25-04-16.10:45:38.109 [http-nio-8091-exec-39] INFO  DecisionTreeEngine     - 决策树引擎【规则树】treeId:tree_lock_1 node:rule_stock code:0001
25-04-16.10:45:38.111 [http-nio-8091-exec-39] INFO  AbstractRaffleStrategy - 抽奖策略计算-规则树 xiaofuge 100006 106 
25-04-16.10:45:38.206 [http-nio-8091-exec-39] INFO  EventPublisher         - 发送MQ消息 topic:send_award message:{"data":{"awardId":106,"awardTitle":"3等奖","userId":"xiaofuge"},"id":"82740234994","timestamp":"2025-04-16 10:45:38.111"}
25-04-16.10:45:38.209 [org.springframework.amqp.rabbit.RabbitListenerEndpointContainer#1-1] INFO  SendAwardCustomer      - 监听用户奖品发送消息 topic: send_award message: {"data":{"awardId":106,"awardTitle":"3等奖","userId":"xiaofuge"},"id":"82740234994","timestamp":"2025-04-16 10:45:38.111"}
25-04-16.10:45:40.018 [scheduling-1    ] INFO  UpdateAwardStockJob    - 定时任务，更新奖品消耗库存 strategyId: 101 awardId: 101
25-04-16.10:45:45.012 [scheduling-1    ] INFO  UpdateAwardStockJob    - 定时任务，更新奖品消耗库存 strategyId: 106 awardId: 106
25-04-16.10:45:52.295 [http-nio-8091-exec-41] INFO  RaffleActivityController - 活动抽奖 userId: xiaofuge  activityId: 100301
25-04-16.10:45:52.359 [http-nio-8091-exec-41] INFO  DefaultLogicChain      - 抽奖责任链—默认处理 userId:xiaofuge strategyId:100006 ruleModel:rule_default awardId:103
25-04-16.10:45:52.360 [http-nio-8091-exec-41] INFO  AbstractRaffleStrategy - 抽奖策略计算-责任链: xiaofuge 100006 103 rule_default
25-04-16.10:45:52.366 [http-nio-8091-exec-41] INFO  RuleStockLogicTreeNode - 规则过滤-库存扣减 userId:xiaofuge strategyId:100006 awardId:103
25-04-16.10:45:52.370 [http-nio-8091-exec-41] INFO  DecisionTreeEngine     - 决策树引擎【规则树-兜底奖励】treeId:tree_luck_award node:rule_stock code:0001
25-04-16.10:45:52.371 [http-nio-8091-exec-41] INFO  AbstractRaffleStrategy - 抽奖策略计算-规则树 xiaofuge 100006 103 
25-04-16.10:45:52.467 [http-nio-8091-exec-41] INFO  EventPublisher         - 发送MQ消息 topic:send_award message:{"data":{"awardId":103,"awardTitle":"6等奖","userId":"xiaofuge"},"id":"92358257013","timestamp":"2025-04-16 10:45:52.377"}
25-04-16.10:45:52.469 [org.springframework.amqp.rabbit.RabbitListenerEndpointContainer#1-1] INFO  SendAwardCustomer      - 监听用户奖品发送消息 topic: send_award message: {"data":{"awardId":103,"awardTitle":"6等奖","userId":"xiaofuge"},"id":"92358257013","timestamp":"2025-04-16 10:45:52.377"}
25-04-16.10:46:00.013 [scheduling-1    ] INFO  UpdateAwardStockJob    - 定时任务，更新奖品消耗库存 strategyId: 103 awardId: 103
25-04-16.10:47:44.822 [http-nio-8091-exec-4] INFO  RaffleStrategyController - 查询抽奖奖品列表配开始 userId:xiaofuge activityId：100301
25-04-16.10:47:44.822 [http-nio-8091-exec-6] INFO  RaffleStrategyController - 查询抽奖奖品列表配开始 userId:xiaofuge activityId：100301
25-04-16.10:47:44.822 [http-nio-8091-exec-2] INFO  RaffleStrategyController - 查询抽奖奖品列表配开始 userId:xiaofuge activityId：100301
25-04-16.10:47:44.825 [http-nio-8091-exec-3] INFO  RaffleStrategyController - 查询抽奖奖品列表配开始 userId:xiaofuge activityId：100301
25-04-16.10:47:44.841 [http-nio-8091-exec-2] INFO  RaffleStrategyController - 查询抽奖奖品列表配置完成 userId:xiaofuge activityId：100301 response: {"code":"0000","data":[{"awardId":101,"awardTitle":"随机积分","isAwardUnlock":true,"sort":1,"waitUnLockCount":0},{"awardId":102,"awardTitle":"7等奖","isAwardUnlock":true,"sort":2,"waitUnLockCount":0},{"awardId":103,"awardTitle":"6等奖","isAwardUnlock":true,"sort":3,"waitUnLockCount":0},{"awardId":104,"awardTitle":"5等奖","isAwardUnlock":true,"sort":4,"waitUnLockCount":0},{"awardId":105,"awardTitle":"4等奖","isAwardUnlock":true,"sort":5,"waitUnLockCount":0},{"awardId":106,"awardRuleLockCount":1,"awardSubtitle":"抽奖1次后解锁","awardTitle":"3等奖","isAwardUnlock":true,"sort":6,"waitUnLockCount":0},{"awardId":107,"awardRuleLockCount":1,"awardSubtitle":"抽奖1次后解锁","awardTitle":"2等奖","isAwardUnlock":true,"sort":7,"waitUnLockCount":0},{"awardId":108,"awardRuleLockCount":2,"awardSubtitle":"抽奖2次后解锁","awardTitle":"1等奖","isAwardUnlock":true,"sort":8,"waitUnLockCount":0}],"info":"成功"}
25-04-16.10:47:44.845 [http-nio-8091-exec-3] INFO  RaffleStrategyController - 查询抽奖奖品列表配置完成 userId:xiaofuge activityId：100301 response: {"code":"0000","data":[{"awardId":101,"awardTitle":"随机积分","isAwardUnlock":true,"sort":1,"waitUnLockCount":0},{"awardId":102,"awardTitle":"7等奖","isAwardUnlock":true,"sort":2,"waitUnLockCount":0},{"awardId":103,"awardTitle":"6等奖","isAwardUnlock":true,"sort":3,"waitUnLockCount":0},{"awardId":104,"awardTitle":"5等奖","isAwardUnlock":true,"sort":4,"waitUnLockCount":0},{"awardId":105,"awardTitle":"4等奖","isAwardUnlock":true,"sort":5,"waitUnLockCount":0},{"awardId":106,"awardRuleLockCount":1,"awardSubtitle":"抽奖1次后解锁","awardTitle":"3等奖","isAwardUnlock":true,"sort":6,"waitUnLockCount":0},{"awardId":107,"awardRuleLockCount":1,"awardSubtitle":"抽奖1次后解锁","awardTitle":"2等奖","isAwardUnlock":true,"sort":7,"waitUnLockCount":0},{"awardId":108,"awardRuleLockCount":2,"awardSubtitle":"抽奖2次后解锁","awardTitle":"1等奖","isAwardUnlock":true,"sort":8,"waitUnLockCount":0}],"info":"成功"}
25-04-16.10:47:44.848 [http-nio-8091-exec-6] INFO  RaffleStrategyController - 查询抽奖奖品列表配置完成 userId:xiaofuge activityId：100301 response: {"code":"0000","data":[{"awardId":101,"awardTitle":"随机积分","isAwardUnlock":true,"sort":1,"waitUnLockCount":0},{"awardId":102,"awardTitle":"7等奖","isAwardUnlock":true,"sort":2,"waitUnLockCount":0},{"awardId":103,"awardTitle":"6等奖","isAwardUnlock":true,"sort":3,"waitUnLockCount":0},{"awardId":104,"awardTitle":"5等奖","isAwardUnlock":true,"sort":4,"waitUnLockCount":0},{"awardId":105,"awardTitle":"4等奖","isAwardUnlock":true,"sort":5,"waitUnLockCount":0},{"awardId":106,"awardRuleLockCount":1,"awardSubtitle":"抽奖1次后解锁","awardTitle":"3等奖","isAwardUnlock":true,"sort":6,"waitUnLockCount":0},{"awardId":107,"awardRuleLockCount":1,"awardSubtitle":"抽奖1次后解锁","awardTitle":"2等奖","isAwardUnlock":true,"sort":7,"waitUnLockCount":0},{"awardId":108,"awardRuleLockCount":2,"awardSubtitle":"抽奖2次后解锁","awardTitle":"1等奖","isAwardUnlock":true,"sort":8,"waitUnLockCount":0}],"info":"成功"}
25-04-16.10:47:44.850 [http-nio-8091-exec-4] INFO  RaffleStrategyController - 查询抽奖奖品列表配置完成 userId:xiaofuge activityId：100301 response: {"code":"0000","data":[{"awardId":101,"awardTitle":"随机积分","isAwardUnlock":true,"sort":1,"waitUnLockCount":0},{"awardId":102,"awardTitle":"7等奖","isAwardUnlock":true,"sort":2,"waitUnLockCount":0},{"awardId":103,"awardTitle":"6等奖","isAwardUnlock":true,"sort":3,"waitUnLockCount":0},{"awardId":104,"awardTitle":"5等奖","isAwardUnlock":true,"sort":4,"waitUnLockCount":0},{"awardId":105,"awardTitle":"4等奖","isAwardUnlock":true,"sort":5,"waitUnLockCount":0},{"awardId":106,"awardRuleLockCount":1,"awardSubtitle":"抽奖1次后解锁","awardTitle":"3等奖","isAwardUnlock":true,"sort":6,"waitUnLockCount":0},{"awardId":107,"awardRuleLockCount":1,"awardSubtitle":"抽奖1次后解锁","awardTitle":"2等奖","isAwardUnlock":true,"sort":7,"waitUnLockCount":0},{"awardId":108,"awardRuleLockCount":2,"awardSubtitle":"抽奖2次后解锁","awardTitle":"1等奖","isAwardUnlock":true,"sort":8,"waitUnLockCount":0}],"info":"成功"}
25-04-16.10:47:56.286 [http-nio-8091-exec-5] INFO  RaffleActivityController - 活动抽奖 userId: xiaofuge  activityId: 100301
25-04-16.10:47:56.350 [http-nio-8091-exec-5] INFO  DefaultLogicChain      - 抽奖责任链—默认处理 userId:xiaofuge strategyId:100006 ruleModel:rule_default awardId:101
25-04-16.10:47:56.351 [http-nio-8091-exec-5] INFO  AbstractRaffleStrategy - 抽奖策略计算-责任链: xiaofuge 100006 101 rule_default
25-04-16.10:47:56.358 [http-nio-8091-exec-5] INFO  RuleStockLogicTreeNode - 规则过滤-库存扣减 userId:xiaofuge strategyId:100006 awardId:101
25-04-16.10:47:56.363 [http-nio-8091-exec-5] INFO  DecisionTreeEngine     - 决策树引擎【规则树-兜底奖励】treeId:tree_luck_award node:rule_stock code:0001
25-04-16.10:47:56.364 [http-nio-8091-exec-5] INFO  AbstractRaffleStrategy - 抽奖策略计算-规则树 xiaofuge 100006 101 
25-04-16.10:47:56.395 [http-nio-8091-exec-5] INFO  EventPublisher         - 发送MQ消息 topic:send_award message:{"data":{"awardId":101,"awardTitle":"随机积分","userId":"xiaofuge"},"id":"01591726602","timestamp":"2025-04-16 10:47:56.365"}
25-04-16.10:47:56.398 [org.springframework.amqp.rabbit.RabbitListenerEndpointContainer#1-1] INFO  SendAwardCustomer      - 监听用户奖品发送消息 topic: send_award message: {"data":{"awardId":101,"awardTitle":"随机积分","userId":"xiaofuge"},"id":"01591726602","timestamp":"2025-04-16 10:47:56.365"}
25-04-16.10:48:00.006 [scheduling-1    ] INFO  UpdateAwardStockJob    - 定时任务，更新奖品消耗库存 strategyId: 101 awardId: 101
25-04-16.10:48:03.693 [http-nio-8091-exec-8] INFO  RaffleActivityController - 活动抽奖 userId: xiaofuge  activityId: 100301
25-04-16.10:48:03.759 [http-nio-8091-exec-8] INFO  DefaultLogicChain      - 抽奖责任链—默认处理 userId:xiaofuge strategyId:100006 ruleModel:rule_default awardId:102
25-04-16.10:48:03.759 [http-nio-8091-exec-8] INFO  AbstractRaffleStrategy - 抽奖策略计算-责任链: xiaofuge 100006 102 rule_default
25-04-16.10:48:03.767 [http-nio-8091-exec-8] INFO  RuleStockLogicTreeNode - 规则过滤-库存扣减 userId:xiaofuge strategyId:100006 awardId:102
25-04-16.10:48:03.771 [http-nio-8091-exec-8] INFO  DecisionTreeEngine     - 决策树引擎【规则树-兜底奖励】treeId:tree_luck_award node:rule_stock code:0001
25-04-16.10:48:03.772 [http-nio-8091-exec-8] INFO  AbstractRaffleStrategy - 抽奖策略计算-规则树 xiaofuge 100006 102 
25-04-16.10:48:03.810 [http-nio-8091-exec-8] INFO  EventPublisher         - 发送MQ消息 topic:send_award message:{"data":{"awardId":102,"awardTitle":"7等奖","userId":"xiaofuge"},"id":"60090794188","timestamp":"2025-04-16 10:48:03.773"}
25-04-16.10:48:03.814 [org.springframework.amqp.rabbit.RabbitListenerEndpointContainer#1-1] INFO  SendAwardCustomer      - 监听用户奖品发送消息 topic: send_award message: {"data":{"awardId":102,"awardTitle":"7等奖","userId":"xiaofuge"},"id":"60090794188","timestamp":"2025-04-16 10:48:03.773"}
25-04-16.10:48:06.390 [http-nio-8091-exec-11] INFO  RaffleStrategyController - 查询抽奖奖品列表配开始 userId:xiaofuge activityId：100301
25-04-16.10:48:06.409 [http-nio-8091-exec-11] INFO  RaffleStrategyController - 查询抽奖奖品列表配置完成 userId:xiaofuge activityId：100301 response: {"code":"0000","data":[{"awardId":101,"awardTitle":"随机积分","isAwardUnlock":true,"sort":1,"waitUnLockCount":0},{"awardId":102,"awardTitle":"7等奖","isAwardUnlock":true,"sort":2,"waitUnLockCount":0},{"awardId":103,"awardTitle":"6等奖","isAwardUnlock":true,"sort":3,"waitUnLockCount":0},{"awardId":104,"awardTitle":"5等奖","isAwardUnlock":true,"sort":4,"waitUnLockCount":0},{"awardId":105,"awardTitle":"4等奖","isAwardUnlock":true,"sort":5,"waitUnLockCount":0},{"awardId":106,"awardRuleLockCount":1,"awardSubtitle":"抽奖1次后解锁","awardTitle":"3等奖","isAwardUnlock":true,"sort":6,"waitUnLockCount":0},{"awardId":107,"awardRuleLockCount":1,"awardSubtitle":"抽奖1次后解锁","awardTitle":"2等奖","isAwardUnlock":true,"sort":7,"waitUnLockCount":0},{"awardId":108,"awardRuleLockCount":2,"awardSubtitle":"抽奖2次后解锁","awardTitle":"1等奖","isAwardUnlock":true,"sort":8,"waitUnLockCount":0}],"info":"成功"}
25-04-16.10:48:10.015 [scheduling-1    ] INFO  UpdateAwardStockJob    - 定时任务，更新奖品消耗库存 strategyId: 102 awardId: 102
25-04-16.10:48:35.180 [http-nio-8091-exec-9] INFO  RaffleStrategyController - 查询抽奖奖品列表配开始 userId:xiaofuge activityId：100301
25-04-16.10:48:35.180 [http-nio-8091-exec-7] INFO  RaffleStrategyController - 查询抽奖奖品列表配开始 userId:xiaofuge activityId：100301
25-04-16.10:48:35.182 [http-nio-8091-exec-10] INFO  RaffleStrategyController - 查询抽奖奖品列表配开始 userId:xiaofuge activityId：100301
25-04-16.10:48:35.182 [http-nio-8091-exec-20] INFO  RaffleStrategyController - 查询抽奖奖品列表配开始 userId:xiaofuge activityId：100301
25-04-16.10:48:35.194 [http-nio-8091-exec-7] INFO  RaffleStrategyController - 查询抽奖奖品列表配置完成 userId:xiaofuge activityId：100301 response: {"code":"0000","data":[{"awardId":101,"awardTitle":"随机积分","isAwardUnlock":true,"sort":1,"waitUnLockCount":0},{"awardId":102,"awardTitle":"7等奖","isAwardUnlock":true,"sort":2,"waitUnLockCount":0},{"awardId":103,"awardTitle":"6等奖","isAwardUnlock":true,"sort":3,"waitUnLockCount":0},{"awardId":104,"awardTitle":"5等奖","isAwardUnlock":true,"sort":4,"waitUnLockCount":0},{"awardId":105,"awardTitle":"4等奖","isAwardUnlock":true,"sort":5,"waitUnLockCount":0},{"awardId":106,"awardRuleLockCount":1,"awardSubtitle":"抽奖1次后解锁","awardTitle":"3等奖","isAwardUnlock":true,"sort":6,"waitUnLockCount":0},{"awardId":107,"awardRuleLockCount":1,"awardSubtitle":"抽奖1次后解锁","awardTitle":"2等奖","isAwardUnlock":true,"sort":7,"waitUnLockCount":0},{"awardId":108,"awardRuleLockCount":2,"awardSubtitle":"抽奖2次后解锁","awardTitle":"1等奖","isAwardUnlock":true,"sort":8,"waitUnLockCount":0}],"info":"成功"}
25-04-16.10:48:35.196 [http-nio-8091-exec-9] INFO  RaffleStrategyController - 查询抽奖奖品列表配置完成 userId:xiaofuge activityId：100301 response: {"code":"0000","data":[{"awardId":101,"awardTitle":"随机积分","isAwardUnlock":true,"sort":1,"waitUnLockCount":0},{"awardId":102,"awardTitle":"7等奖","isAwardUnlock":true,"sort":2,"waitUnLockCount":0},{"awardId":103,"awardTitle":"6等奖","isAwardUnlock":true,"sort":3,"waitUnLockCount":0},{"awardId":104,"awardTitle":"5等奖","isAwardUnlock":true,"sort":4,"waitUnLockCount":0},{"awardId":105,"awardTitle":"4等奖","isAwardUnlock":true,"sort":5,"waitUnLockCount":0},{"awardId":106,"awardRuleLockCount":1,"awardSubtitle":"抽奖1次后解锁","awardTitle":"3等奖","isAwardUnlock":true,"sort":6,"waitUnLockCount":0},{"awardId":107,"awardRuleLockCount":1,"awardSubtitle":"抽奖1次后解锁","awardTitle":"2等奖","isAwardUnlock":true,"sort":7,"waitUnLockCount":0},{"awardId":108,"awardRuleLockCount":2,"awardSubtitle":"抽奖2次后解锁","awardTitle":"1等奖","isAwardUnlock":true,"sort":8,"waitUnLockCount":0}],"info":"成功"}
25-04-16.10:48:35.200 [http-nio-8091-exec-20] INFO  RaffleStrategyController - 查询抽奖奖品列表配置完成 userId:xiaofuge activityId：100301 response: {"code":"0000","data":[{"awardId":101,"awardTitle":"随机积分","isAwardUnlock":true,"sort":1,"waitUnLockCount":0},{"awardId":102,"awardTitle":"7等奖","isAwardUnlock":true,"sort":2,"waitUnLockCount":0},{"awardId":103,"awardTitle":"6等奖","isAwardUnlock":true,"sort":3,"waitUnLockCount":0},{"awardId":104,"awardTitle":"5等奖","isAwardUnlock":true,"sort":4,"waitUnLockCount":0},{"awardId":105,"awardTitle":"4等奖","isAwardUnlock":true,"sort":5,"waitUnLockCount":0},{"awardId":106,"awardRuleLockCount":1,"awardSubtitle":"抽奖1次后解锁","awardTitle":"3等奖","isAwardUnlock":true,"sort":6,"waitUnLockCount":0},{"awardId":107,"awardRuleLockCount":1,"awardSubtitle":"抽奖1次后解锁","awardTitle":"2等奖","isAwardUnlock":true,"sort":7,"waitUnLockCount":0},{"awardId":108,"awardRuleLockCount":2,"awardSubtitle":"抽奖2次后解锁","awardTitle":"1等奖","isAwardUnlock":true,"sort":8,"waitUnLockCount":0}],"info":"成功"}
25-04-16.10:48:35.200 [http-nio-8091-exec-10] INFO  RaffleStrategyController - 查询抽奖奖品列表配置完成 userId:xiaofuge activityId：100301 response: {"code":"0000","data":[{"awardId":101,"awardTitle":"随机积分","isAwardUnlock":true,"sort":1,"waitUnLockCount":0},{"awardId":102,"awardTitle":"7等奖","isAwardUnlock":true,"sort":2,"waitUnLockCount":0},{"awardId":103,"awardTitle":"6等奖","isAwardUnlock":true,"sort":3,"waitUnLockCount":0},{"awardId":104,"awardTitle":"5等奖","isAwardUnlock":true,"sort":4,"waitUnLockCount":0},{"awardId":105,"awardTitle":"4等奖","isAwardUnlock":true,"sort":5,"waitUnLockCount":0},{"awardId":106,"awardRuleLockCount":1,"awardSubtitle":"抽奖1次后解锁","awardTitle":"3等奖","isAwardUnlock":true,"sort":6,"waitUnLockCount":0},{"awardId":107,"awardRuleLockCount":1,"awardSubtitle":"抽奖1次后解锁","awardTitle":"2等奖","isAwardUnlock":true,"sort":7,"waitUnLockCount":0},{"awardId":108,"awardRuleLockCount":2,"awardSubtitle":"抽奖2次后解锁","awardTitle":"1等奖","isAwardUnlock":true,"sort":8,"waitUnLockCount":0}],"info":"成功"}
25-04-16.10:48:37.173 [http-nio-8091-exec-22] INFO  RaffleActivityController - 活动装配，数据预热 activityId: 100301
25-04-16.10:48:37.208 [http-nio-8091-exec-22] INFO  RaffleActivityController - 活动装配，数据预热，完成 activityId: 100301
25-04-16.10:48:41.531 [http-nio-8091-exec-14] INFO  RaffleActivityController - 活动抽奖 userId: xiaofuge  activityId: 100301
25-04-16.10:48:41.591 [http-nio-8091-exec-14] INFO  DefaultLogicChain      - 抽奖责任链—默认处理 userId:xiaofuge strategyId:100006 ruleModel:rule_default awardId:102
25-04-16.10:48:41.591 [http-nio-8091-exec-14] INFO  AbstractRaffleStrategy - 抽奖策略计算-责任链: xiaofuge 100006 102 rule_default
25-04-16.10:48:41.598 [http-nio-8091-exec-14] INFO  RuleStockLogicTreeNode - 规则过滤-库存扣减 userId:xiaofuge strategyId:100006 awardId:102
25-04-16.10:48:41.603 [http-nio-8091-exec-14] INFO  DecisionTreeEngine     - 决策树引擎【规则树-兜底奖励】treeId:tree_luck_award node:rule_stock code:0001
25-04-16.10:48:41.603 [http-nio-8091-exec-14] INFO  AbstractRaffleStrategy - 抽奖策略计算-规则树 xiaofuge 100006 102 
25-04-16.10:48:41.632 [http-nio-8091-exec-14] INFO  EventPublisher         - 发送MQ消息 topic:send_award message:{"data":{"awardId":102,"awardTitle":"7等奖","userId":"xiaofuge"},"id":"24540775599","timestamp":"2025-04-16 10:48:41.605"}
25-04-16.10:48:41.635 [org.springframework.amqp.rabbit.RabbitListenerEndpointContainer#1-1] INFO  SendAwardCustomer      - 监听用户奖品发送消息 topic: send_award message: {"data":{"awardId":102,"awardTitle":"7等奖","userId":"xiaofuge"},"id":"24540775599","timestamp":"2025-04-16 10:48:41.605"}
25-04-16.10:48:44.240 [http-nio-8091-exec-15] INFO  RaffleStrategyController - 查询抽奖奖品列表配开始 userId:xiaofuge activityId：100301
25-04-16.10:48:44.253 [http-nio-8091-exec-15] INFO  RaffleStrategyController - 查询抽奖奖品列表配置完成 userId:xiaofuge activityId：100301 response: {"code":"0000","data":[{"awardId":101,"awardTitle":"随机积分","isAwardUnlock":true,"sort":1,"waitUnLockCount":0},{"awardId":102,"awardTitle":"7等奖","isAwardUnlock":true,"sort":2,"waitUnLockCount":0},{"awardId":103,"awardTitle":"6等奖","isAwardUnlock":true,"sort":3,"waitUnLockCount":0},{"awardId":104,"awardTitle":"5等奖","isAwardUnlock":true,"sort":4,"waitUnLockCount":0},{"awardId":105,"awardTitle":"4等奖","isAwardUnlock":true,"sort":5,"waitUnLockCount":0},{"awardId":106,"awardRuleLockCount":1,"awardSubtitle":"抽奖1次后解锁","awardTitle":"3等奖","isAwardUnlock":true,"sort":6,"waitUnLockCount":0},{"awardId":107,"awardRuleLockCount":1,"awardSubtitle":"抽奖1次后解锁","awardTitle":"2等奖","isAwardUnlock":true,"sort":7,"waitUnLockCount":0},{"awardId":108,"awardRuleLockCount":2,"awardSubtitle":"抽奖2次后解锁","awardTitle":"1等奖","isAwardUnlock":true,"sort":8,"waitUnLockCount":0}],"info":"成功"}
25-04-16.10:48:45.007 [scheduling-1    ] INFO  UpdateAwardStockJob    - 定时任务，更新奖品消耗库存 strategyId: 102 awardId: 102
25-04-16.10:48:53.954 [http-nio-8091-exec-19] INFO  RaffleStrategyController - 查询抽奖奖品列表配开始 userId:xiaofuge activityId：100301
25-04-16.10:48:53.954 [http-nio-8091-exec-18] INFO  RaffleStrategyController - 查询抽奖奖品列表配开始 userId:xiaofuge activityId：100301
25-04-16.10:48:53.954 [http-nio-8091-exec-27] INFO  RaffleStrategyController - 查询抽奖奖品列表配开始 userId:xiaofuge activityId：100301
25-04-16.10:48:53.954 [http-nio-8091-exec-16] INFO  RaffleStrategyController - 查询抽奖奖品列表配开始 userId:xiaofuge activityId：100301
25-04-16.10:48:53.968 [http-nio-8091-exec-19] INFO  RaffleStrategyController - 查询抽奖奖品列表配置完成 userId:xiaofuge activityId：100301 response: {"code":"0000","data":[{"awardId":101,"awardTitle":"随机积分","isAwardUnlock":true,"sort":1,"waitUnLockCount":0},{"awardId":102,"awardTitle":"7等奖","isAwardUnlock":true,"sort":2,"waitUnLockCount":0},{"awardId":103,"awardTitle":"6等奖","isAwardUnlock":true,"sort":3,"waitUnLockCount":0},{"awardId":104,"awardTitle":"5等奖","isAwardUnlock":true,"sort":4,"waitUnLockCount":0},{"awardId":105,"awardTitle":"4等奖","isAwardUnlock":true,"sort":5,"waitUnLockCount":0},{"awardId":106,"awardRuleLockCount":1,"awardSubtitle":"抽奖1次后解锁","awardTitle":"3等奖","isAwardUnlock":true,"sort":6,"waitUnLockCount":0},{"awardId":107,"awardRuleLockCount":1,"awardSubtitle":"抽奖1次后解锁","awardTitle":"2等奖","isAwardUnlock":true,"sort":7,"waitUnLockCount":0},{"awardId":108,"awardRuleLockCount":2,"awardSubtitle":"抽奖2次后解锁","awardTitle":"1等奖","isAwardUnlock":true,"sort":8,"waitUnLockCount":0}],"info":"成功"}
25-04-16.10:48:53.970 [http-nio-8091-exec-27] INFO  RaffleStrategyController - 查询抽奖奖品列表配置完成 userId:xiaofuge activityId：100301 response: {"code":"0000","data":[{"awardId":101,"awardTitle":"随机积分","isAwardUnlock":true,"sort":1,"waitUnLockCount":0},{"awardId":102,"awardTitle":"7等奖","isAwardUnlock":true,"sort":2,"waitUnLockCount":0},{"awardId":103,"awardTitle":"6等奖","isAwardUnlock":true,"sort":3,"waitUnLockCount":0},{"awardId":104,"awardTitle":"5等奖","isAwardUnlock":true,"sort":4,"waitUnLockCount":0},{"awardId":105,"awardTitle":"4等奖","isAwardUnlock":true,"sort":5,"waitUnLockCount":0},{"awardId":106,"awardRuleLockCount":1,"awardSubtitle":"抽奖1次后解锁","awardTitle":"3等奖","isAwardUnlock":true,"sort":6,"waitUnLockCount":0},{"awardId":107,"awardRuleLockCount":1,"awardSubtitle":"抽奖1次后解锁","awardTitle":"2等奖","isAwardUnlock":true,"sort":7,"waitUnLockCount":0},{"awardId":108,"awardRuleLockCount":2,"awardSubtitle":"抽奖2次后解锁","awardTitle":"1等奖","isAwardUnlock":true,"sort":8,"waitUnLockCount":0}],"info":"成功"}
25-04-16.10:48:53.976 [http-nio-8091-exec-16] INFO  RaffleStrategyController - 查询抽奖奖品列表配置完成 userId:xiaofuge activityId：100301 response: {"code":"0000","data":[{"awardId":101,"awardTitle":"随机积分","isAwardUnlock":true,"sort":1,"waitUnLockCount":0},{"awardId":102,"awardTitle":"7等奖","isAwardUnlock":true,"sort":2,"waitUnLockCount":0},{"awardId":103,"awardTitle":"6等奖","isAwardUnlock":true,"sort":3,"waitUnLockCount":0},{"awardId":104,"awardTitle":"5等奖","isAwardUnlock":true,"sort":4,"waitUnLockCount":0},{"awardId":105,"awardTitle":"4等奖","isAwardUnlock":true,"sort":5,"waitUnLockCount":0},{"awardId":106,"awardRuleLockCount":1,"awardSubtitle":"抽奖1次后解锁","awardTitle":"3等奖","isAwardUnlock":true,"sort":6,"waitUnLockCount":0},{"awardId":107,"awardRuleLockCount":1,"awardSubtitle":"抽奖1次后解锁","awardTitle":"2等奖","isAwardUnlock":true,"sort":7,"waitUnLockCount":0},{"awardId":108,"awardRuleLockCount":2,"awardSubtitle":"抽奖2次后解锁","awardTitle":"1等奖","isAwardUnlock":true,"sort":8,"waitUnLockCount":0}],"info":"成功"}
25-04-16.10:48:53.980 [http-nio-8091-exec-18] INFO  RaffleStrategyController - 查询抽奖奖品列表配置完成 userId:xiaofuge activityId：100301 response: {"code":"0000","data":[{"awardId":101,"awardTitle":"随机积分","isAwardUnlock":true,"sort":1,"waitUnLockCount":0},{"awardId":102,"awardTitle":"7等奖","isAwardUnlock":true,"sort":2,"waitUnLockCount":0},{"awardId":103,"awardTitle":"6等奖","isAwardUnlock":true,"sort":3,"waitUnLockCount":0},{"awardId":104,"awardTitle":"5等奖","isAwardUnlock":true,"sort":4,"waitUnLockCount":0},{"awardId":105,"awardTitle":"4等奖","isAwardUnlock":true,"sort":5,"waitUnLockCount":0},{"awardId":106,"awardRuleLockCount":1,"awardSubtitle":"抽奖1次后解锁","awardTitle":"3等奖","isAwardUnlock":true,"sort":6,"waitUnLockCount":0},{"awardId":107,"awardRuleLockCount":1,"awardSubtitle":"抽奖1次后解锁","awardTitle":"2等奖","isAwardUnlock":true,"sort":7,"waitUnLockCount":0},{"awardId":108,"awardRuleLockCount":2,"awardSubtitle":"抽奖2次后解锁","awardTitle":"1等奖","isAwardUnlock":true,"sort":8,"waitUnLockCount":0}],"info":"成功"}
25-04-16.11:07:43.882 [Retail_HikariCP housekeeper] WARN  HikariPool             - Retail_HikariCP - Thread starvation or clock leap detected (housekeeper delta=12m45s840ms545µs400ns).
25-04-16.11:07:43.936 [Retail_HikariCP housekeeper] WARN  HikariPool             - Retail_HikariCP - Thread starvation or clock leap detected (housekeeper delta=12m45s835ms262µs200ns).
25-04-16.11:07:47.519 [Retail_HikariCP housekeeper] WARN  HikariPool             - Retail_HikariCP - Thread starvation or clock leap detected (housekeeper delta=12m45s841ms536µs100ns).
25-04-16.11:08:25.779 [http-nio-8091-exec-25] INFO  RaffleStrategyController - 查询抽奖奖品列表配开始 userId:xiaofuge activityId：100301
25-04-16.11:08:25.781 [http-nio-8091-exec-26] INFO  RaffleStrategyController - 查询抽奖奖品列表配开始 userId:xiaofuge activityId：100301
25-04-16.11:08:25.781 [http-nio-8091-exec-24] INFO  RaffleStrategyController - 查询抽奖奖品列表配开始 userId:xiaofuge activityId：100301
25-04-16.11:08:25.784 [http-nio-8091-exec-17] INFO  RaffleStrategyController - 查询抽奖奖品列表配开始 userId:xiaofuge activityId：100301
25-04-16.11:08:25.813 [http-nio-8091-exec-26] INFO  RaffleStrategyController - 查询抽奖奖品列表配置完成 userId:xiaofuge activityId：100301 response: {"code":"0000","data":[{"awardId":101,"awardTitle":"随机积分","isAwardUnlock":true,"sort":1,"waitUnLockCount":0},{"awardId":102,"awardTitle":"7等奖","isAwardUnlock":true,"sort":2,"waitUnLockCount":0},{"awardId":103,"awardTitle":"6等奖","isAwardUnlock":true,"sort":3,"waitUnLockCount":0},{"awardId":104,"awardTitle":"5等奖","isAwardUnlock":true,"sort":4,"waitUnLockCount":0},{"awardId":105,"awardTitle":"4等奖","isAwardUnlock":true,"sort":5,"waitUnLockCount":0},{"awardId":106,"awardRuleLockCount":1,"awardSubtitle":"抽奖1次后解锁","awardTitle":"3等奖","isAwardUnlock":true,"sort":6,"waitUnLockCount":0},{"awardId":107,"awardRuleLockCount":1,"awardSubtitle":"抽奖1次后解锁","awardTitle":"2等奖","isAwardUnlock":true,"sort":7,"waitUnLockCount":0},{"awardId":108,"awardRuleLockCount":2,"awardSubtitle":"抽奖2次后解锁","awardTitle":"1等奖","isAwardUnlock":true,"sort":8,"waitUnLockCount":0}],"info":"成功"}
25-04-16.11:08:25.814 [http-nio-8091-exec-17] INFO  RaffleStrategyController - 查询抽奖奖品列表配置完成 userId:xiaofuge activityId：100301 response: {"code":"0000","data":[{"awardId":101,"awardTitle":"随机积分","isAwardUnlock":true,"sort":1,"waitUnLockCount":0},{"awardId":102,"awardTitle":"7等奖","isAwardUnlock":true,"sort":2,"waitUnLockCount":0},{"awardId":103,"awardTitle":"6等奖","isAwardUnlock":true,"sort":3,"waitUnLockCount":0},{"awardId":104,"awardTitle":"5等奖","isAwardUnlock":true,"sort":4,"waitUnLockCount":0},{"awardId":105,"awardTitle":"4等奖","isAwardUnlock":true,"sort":5,"waitUnLockCount":0},{"awardId":106,"awardRuleLockCount":1,"awardSubtitle":"抽奖1次后解锁","awardTitle":"3等奖","isAwardUnlock":true,"sort":6,"waitUnLockCount":0},{"awardId":107,"awardRuleLockCount":1,"awardSubtitle":"抽奖1次后解锁","awardTitle":"2等奖","isAwardUnlock":true,"sort":7,"waitUnLockCount":0},{"awardId":108,"awardRuleLockCount":2,"awardSubtitle":"抽奖2次后解锁","awardTitle":"1等奖","isAwardUnlock":true,"sort":8,"waitUnLockCount":0}],"info":"成功"}
25-04-16.11:08:25.815 [http-nio-8091-exec-24] INFO  RaffleStrategyController - 查询抽奖奖品列表配置完成 userId:xiaofuge activityId：100301 response: {"code":"0000","data":[{"awardId":101,"awardTitle":"随机积分","isAwardUnlock":true,"sort":1,"waitUnLockCount":0},{"awardId":102,"awardTitle":"7等奖","isAwardUnlock":true,"sort":2,"waitUnLockCount":0},{"awardId":103,"awardTitle":"6等奖","isAwardUnlock":true,"sort":3,"waitUnLockCount":0},{"awardId":104,"awardTitle":"5等奖","isAwardUnlock":true,"sort":4,"waitUnLockCount":0},{"awardId":105,"awardTitle":"4等奖","isAwardUnlock":true,"sort":5,"waitUnLockCount":0},{"awardId":106,"awardRuleLockCount":1,"awardSubtitle":"抽奖1次后解锁","awardTitle":"3等奖","isAwardUnlock":true,"sort":6,"waitUnLockCount":0},{"awardId":107,"awardRuleLockCount":1,"awardSubtitle":"抽奖1次后解锁","awardTitle":"2等奖","isAwardUnlock":true,"sort":7,"waitUnLockCount":0},{"awardId":108,"awardRuleLockCount":2,"awardSubtitle":"抽奖2次后解锁","awardTitle":"1等奖","isAwardUnlock":true,"sort":8,"waitUnLockCount":0}],"info":"成功"}
25-04-16.11:08:25.821 [http-nio-8091-exec-25] INFO  RaffleStrategyController - 查询抽奖奖品列表配置完成 userId:xiaofuge activityId：100301 response: {"code":"0000","data":[{"awardId":101,"awardTitle":"随机积分","isAwardUnlock":true,"sort":1,"waitUnLockCount":0},{"awardId":102,"awardTitle":"7等奖","isAwardUnlock":true,"sort":2,"waitUnLockCount":0},{"awardId":103,"awardTitle":"6等奖","isAwardUnlock":true,"sort":3,"waitUnLockCount":0},{"awardId":104,"awardTitle":"5等奖","isAwardUnlock":true,"sort":4,"waitUnLockCount":0},{"awardId":105,"awardTitle":"4等奖","isAwardUnlock":true,"sort":5,"waitUnLockCount":0},{"awardId":106,"awardRuleLockCount":1,"awardSubtitle":"抽奖1次后解锁","awardTitle":"3等奖","isAwardUnlock":true,"sort":6,"waitUnLockCount":0},{"awardId":107,"awardRuleLockCount":1,"awardSubtitle":"抽奖1次后解锁","awardTitle":"2等奖","isAwardUnlock":true,"sort":7,"waitUnLockCount":0},{"awardId":108,"awardRuleLockCount":2,"awardSubtitle":"抽奖2次后解锁","awardTitle":"1等奖","isAwardUnlock":true,"sort":8,"waitUnLockCount":0}],"info":"成功"}
25-04-16.11:09:03.501 [http-nio-8091-exec-12] INFO  RaffleStrategyController - 查询抽奖奖品列表配开始 userId:xiaofuge activityId：100301
25-04-16.11:09:03.501 [http-nio-8091-exec-28] INFO  RaffleStrategyController - 查询抽奖奖品列表配开始 userId:xiaofuge activityId：100301
25-04-16.11:09:03.501 [http-nio-8091-exec-29] INFO  RaffleStrategyController - 查询抽奖奖品列表配开始 userId:xiaofuge activityId：100301
25-04-16.11:09:03.501 [http-nio-8091-exec-43] INFO  RaffleStrategyController - 查询抽奖奖品列表配开始 userId:xiaofuge activityId：100301
25-04-16.11:09:03.531 [http-nio-8091-exec-43] INFO  RaffleStrategyController - 查询抽奖奖品列表配置完成 userId:xiaofuge activityId：100301 response: {"code":"0000","data":[{"awardId":101,"awardTitle":"随机积分","isAwardUnlock":true,"sort":1,"waitUnLockCount":0},{"awardId":102,"awardTitle":"7等奖","isAwardUnlock":true,"sort":2,"waitUnLockCount":0},{"awardId":103,"awardTitle":"6等奖","isAwardUnlock":true,"sort":3,"waitUnLockCount":0},{"awardId":104,"awardTitle":"5等奖","isAwardUnlock":true,"sort":4,"waitUnLockCount":0},{"awardId":105,"awardTitle":"4等奖","isAwardUnlock":true,"sort":5,"waitUnLockCount":0},{"awardId":106,"awardRuleLockCount":1,"awardSubtitle":"抽奖1次后解锁","awardTitle":"3等奖","isAwardUnlock":true,"sort":6,"waitUnLockCount":0},{"awardId":107,"awardRuleLockCount":1,"awardSubtitle":"抽奖1次后解锁","awardTitle":"2等奖","isAwardUnlock":true,"sort":7,"waitUnLockCount":0},{"awardId":108,"awardRuleLockCount":2,"awardSubtitle":"抽奖2次后解锁","awardTitle":"1等奖","isAwardUnlock":true,"sort":8,"waitUnLockCount":0}],"info":"成功"}
25-04-16.11:09:03.531 [http-nio-8091-exec-12] INFO  RaffleStrategyController - 查询抽奖奖品列表配置完成 userId:xiaofuge activityId：100301 response: {"code":"0000","data":[{"awardId":101,"awardTitle":"随机积分","isAwardUnlock":true,"sort":1,"waitUnLockCount":0},{"awardId":102,"awardTitle":"7等奖","isAwardUnlock":true,"sort":2,"waitUnLockCount":0},{"awardId":103,"awardTitle":"6等奖","isAwardUnlock":true,"sort":3,"waitUnLockCount":0},{"awardId":104,"awardTitle":"5等奖","isAwardUnlock":true,"sort":4,"waitUnLockCount":0},{"awardId":105,"awardTitle":"4等奖","isAwardUnlock":true,"sort":5,"waitUnLockCount":0},{"awardId":106,"awardRuleLockCount":1,"awardSubtitle":"抽奖1次后解锁","awardTitle":"3等奖","isAwardUnlock":true,"sort":6,"waitUnLockCount":0},{"awardId":107,"awardRuleLockCount":1,"awardSubtitle":"抽奖1次后解锁","awardTitle":"2等奖","isAwardUnlock":true,"sort":7,"waitUnLockCount":0},{"awardId":108,"awardRuleLockCount":2,"awardSubtitle":"抽奖2次后解锁","awardTitle":"1等奖","isAwardUnlock":true,"sort":8,"waitUnLockCount":0}],"info":"成功"}
25-04-16.11:09:03.532 [http-nio-8091-exec-28] INFO  RaffleStrategyController - 查询抽奖奖品列表配置完成 userId:xiaofuge activityId：100301 response: {"code":"0000","data":[{"awardId":101,"awardTitle":"随机积分","isAwardUnlock":true,"sort":1,"waitUnLockCount":0},{"awardId":102,"awardTitle":"7等奖","isAwardUnlock":true,"sort":2,"waitUnLockCount":0},{"awardId":103,"awardTitle":"6等奖","isAwardUnlock":true,"sort":3,"waitUnLockCount":0},{"awardId":104,"awardTitle":"5等奖","isAwardUnlock":true,"sort":4,"waitUnLockCount":0},{"awardId":105,"awardTitle":"4等奖","isAwardUnlock":true,"sort":5,"waitUnLockCount":0},{"awardId":106,"awardRuleLockCount":1,"awardSubtitle":"抽奖1次后解锁","awardTitle":"3等奖","isAwardUnlock":true,"sort":6,"waitUnLockCount":0},{"awardId":107,"awardRuleLockCount":1,"awardSubtitle":"抽奖1次后解锁","awardTitle":"2等奖","isAwardUnlock":true,"sort":7,"waitUnLockCount":0},{"awardId":108,"awardRuleLockCount":2,"awardSubtitle":"抽奖2次后解锁","awardTitle":"1等奖","isAwardUnlock":true,"sort":8,"waitUnLockCount":0}],"info":"成功"}
25-04-16.11:09:03.539 [http-nio-8091-exec-29] INFO  RaffleStrategyController - 查询抽奖奖品列表配置完成 userId:xiaofuge activityId：100301 response: {"code":"0000","data":[{"awardId":101,"awardTitle":"随机积分","isAwardUnlock":true,"sort":1,"waitUnLockCount":0},{"awardId":102,"awardTitle":"7等奖","isAwardUnlock":true,"sort":2,"waitUnLockCount":0},{"awardId":103,"awardTitle":"6等奖","isAwardUnlock":true,"sort":3,"waitUnLockCount":0},{"awardId":104,"awardTitle":"5等奖","isAwardUnlock":true,"sort":4,"waitUnLockCount":0},{"awardId":105,"awardTitle":"4等奖","isAwardUnlock":true,"sort":5,"waitUnLockCount":0},{"awardId":106,"awardRuleLockCount":1,"awardSubtitle":"抽奖1次后解锁","awardTitle":"3等奖","isAwardUnlock":true,"sort":6,"waitUnLockCount":0},{"awardId":107,"awardRuleLockCount":1,"awardSubtitle":"抽奖1次后解锁","awardTitle":"2等奖","isAwardUnlock":true,"sort":7,"waitUnLockCount":0},{"awardId":108,"awardRuleLockCount":2,"awardSubtitle":"抽奖2次后解锁","awardTitle":"1等奖","isAwardUnlock":true,"sort":8,"waitUnLockCount":0}],"info":"成功"}
25-04-16.11:09:12.464 [http-nio-8091-exec-34] INFO  RaffleActivityController - 活动抽奖 userId: xiaofuge  activityId: 100301
25-04-16.11:09:12.605 [http-nio-8091-exec-34] INFO  DefaultLogicChain      - 抽奖责任链—默认处理 userId:xiaofuge strategyId:100006 ruleModel:rule_default awardId:106
25-04-16.11:09:12.605 [http-nio-8091-exec-34] INFO  AbstractRaffleStrategy - 抽奖策略计算-责任链: xiaofuge 100006 106 rule_default
25-04-16.11:09:12.615 [http-nio-8091-exec-34] INFO  RuleLockLogicTreeNode  - 规则过滤-次数锁 userId:xiaofuge strategyId:100006 awardId:106
25-04-16.11:09:12.623 [http-nio-8091-exec-34] INFO  DecisionTreeEngine     - 决策树引擎【规则树】treeId:tree_lock_1 node:rule_lock code:0000
25-04-16.11:09:12.623 [http-nio-8091-exec-34] INFO  RuleStockLogicTreeNode - 规则过滤-库存扣减 userId:xiaofuge strategyId:100006 awardId:106
25-04-16.11:09:12.636 [http-nio-8091-exec-34] INFO  DecisionTreeEngine     - 决策树引擎【规则树】treeId:tree_lock_1 node:rule_stock code:0001
25-04-16.11:09:12.636 [http-nio-8091-exec-34] INFO  AbstractRaffleStrategy - 抽奖策略计算-规则树 xiaofuge 100006 106 
25-04-16.11:09:12.677 [http-nio-8091-exec-34] INFO  EventPublisher         - 发送MQ消息 topic:send_award message:{"data":{"awardId":106,"awardTitle":"3等奖","userId":"xiaofuge"},"id":"36083450718","timestamp":"2025-04-16 11:09:12.639"}
25-04-16.11:09:12.733 [org.springframework.amqp.rabbit.RabbitListenerEndpointContainer#1-1] INFO  SendAwardCustomer      - 监听用户奖品发送消息 topic: send_award message: {"data":{"awardId":106,"awardTitle":"3等奖","userId":"xiaofuge"},"id":"36083450718","timestamp":"2025-04-16 11:09:12.639"}
25-04-16.11:09:15.327 [http-nio-8091-exec-21] INFO  RaffleStrategyController - 查询抽奖奖品列表配开始 userId:xiaofuge activityId：100301
25-04-16.11:09:15.339 [http-nio-8091-exec-21] INFO  RaffleStrategyController - 查询抽奖奖品列表配置完成 userId:xiaofuge activityId：100301 response: {"code":"0000","data":[{"awardId":101,"awardTitle":"随机积分","isAwardUnlock":true,"sort":1,"waitUnLockCount":0},{"awardId":102,"awardTitle":"7等奖","isAwardUnlock":true,"sort":2,"waitUnLockCount":0},{"awardId":103,"awardTitle":"6等奖","isAwardUnlock":true,"sort":3,"waitUnLockCount":0},{"awardId":104,"awardTitle":"5等奖","isAwardUnlock":true,"sort":4,"waitUnLockCount":0},{"awardId":105,"awardTitle":"4等奖","isAwardUnlock":true,"sort":5,"waitUnLockCount":0},{"awardId":106,"awardRuleLockCount":1,"awardSubtitle":"抽奖1次后解锁","awardTitle":"3等奖","isAwardUnlock":true,"sort":6,"waitUnLockCount":0},{"awardId":107,"awardRuleLockCount":1,"awardSubtitle":"抽奖1次后解锁","awardTitle":"2等奖","isAwardUnlock":true,"sort":7,"waitUnLockCount":0},{"awardId":108,"awardRuleLockCount":2,"awardSubtitle":"抽奖2次后解锁","awardTitle":"1等奖","isAwardUnlock":true,"sort":8,"waitUnLockCount":0}],"info":"成功"}
25-04-16.11:09:20.012 [scheduling-1    ] INFO  UpdateAwardStockJob    - 定时任务，更新奖品消耗库存 strategyId: 106 awardId: 106
25-04-16.11:10:09.144 [http-nio-8091-exec-38] INFO  RaffleActivityController - 活动装配，数据预热 activityId: 100301
25-04-16.11:10:09.181 [http-nio-8091-exec-38] INFO  RaffleActivityController - 活动装配，数据预热，完成 activityId: 100301
25-04-16.11:10:14.049 [http-nio-8091-exec-39] INFO  RaffleActivityController - 活动抽奖 userId: xiaofuge  activityId: 100301
25-04-16.11:10:14.207 [http-nio-8091-exec-39] INFO  DefaultLogicChain      - 抽奖责任链—默认处理 userId:xiaofuge strategyId:100006 ruleModel:rule_default awardId:104
25-04-16.11:10:14.207 [http-nio-8091-exec-39] INFO  AbstractRaffleStrategy - 抽奖策略计算-责任链: xiaofuge 100006 104 rule_default
25-04-16.11:10:14.214 [http-nio-8091-exec-39] INFO  RuleStockLogicTreeNode - 规则过滤-库存扣减 userId:xiaofuge strategyId:100006 awardId:104
25-04-16.11:10:14.219 [http-nio-8091-exec-39] INFO  DecisionTreeEngine     - 决策树引擎【规则树-兜底奖励】treeId:tree_luck_award node:rule_stock code:0001
25-04-16.11:10:14.219 [http-nio-8091-exec-39] INFO  AbstractRaffleStrategy - 抽奖策略计算-规则树 xiaofuge 100006 104 
25-04-16.11:10:14.253 [http-nio-8091-exec-39] INFO  EventPublisher         - 发送MQ消息 topic:send_award message:{"data":{"awardId":104,"awardTitle":"5等奖","userId":"xiaofuge"},"id":"42359830912","timestamp":"2025-04-16 11:10:14.226"}
25-04-16.11:10:14.258 [org.springframework.amqp.rabbit.RabbitListenerEndpointContainer#1-1] INFO  SendAwardCustomer      - 监听用户奖品发送消息 topic: send_award message: {"data":{"awardId":104,"awardTitle":"5等奖","userId":"xiaofuge"},"id":"42359830912","timestamp":"2025-04-16 11:10:14.226"}
25-04-16.11:10:20.009 [scheduling-1    ] INFO  UpdateAwardStockJob    - 定时任务，更新奖品消耗库存 strategyId: 104 awardId: 104
25-04-16.11:10:21.456 [http-nio-8091-exec-40] INFO  RaffleActivityController - 活动抽奖 userId: xiaofuge  activityId: 100301
25-04-16.11:10:21.512 [http-nio-8091-exec-40] INFO  DefaultLogicChain      - 抽奖责任链—默认处理 userId:xiaofuge strategyId:100006 ruleModel:rule_default awardId:102
25-04-16.11:10:21.513 [http-nio-8091-exec-40] INFO  AbstractRaffleStrategy - 抽奖策略计算-责任链: xiaofuge 100006 102 rule_default
25-04-16.11:10:21.525 [http-nio-8091-exec-40] INFO  RuleStockLogicTreeNode - 规则过滤-库存扣减 userId:xiaofuge strategyId:100006 awardId:102
25-04-16.11:10:21.530 [http-nio-8091-exec-40] INFO  DecisionTreeEngine     - 决策树引擎【规则树-兜底奖励】treeId:tree_luck_award node:rule_stock code:0001
25-04-16.11:10:21.530 [http-nio-8091-exec-40] INFO  AbstractRaffleStrategy - 抽奖策略计算-规则树 xiaofuge 100006 102 
25-04-16.11:10:21.556 [http-nio-8091-exec-40] INFO  EventPublisher         - 发送MQ消息 topic:send_award message:{"data":{"awardId":102,"awardTitle":"7等奖","userId":"xiaofuge"},"id":"62166287265","timestamp":"2025-04-16 11:10:21.532"}
25-04-16.11:10:21.558 [org.springframework.amqp.rabbit.RabbitListenerEndpointContainer#1-1] INFO  SendAwardCustomer      - 监听用户奖品发送消息 topic: send_award message: {"data":{"awardId":102,"awardTitle":"7等奖","userId":"xiaofuge"},"id":"62166287265","timestamp":"2025-04-16 11:10:21.532"}
25-04-16.11:10:24.139 [http-nio-8091-exec-41] INFO  RaffleStrategyController - 查询抽奖奖品列表配开始 userId:xiaofuge activityId：100301
25-04-16.11:10:24.149 [http-nio-8091-exec-41] INFO  RaffleStrategyController - 查询抽奖奖品列表配置完成 userId:xiaofuge activityId：100301 response: {"code":"0000","data":[{"awardId":101,"awardTitle":"随机积分","isAwardUnlock":true,"sort":1,"waitUnLockCount":0},{"awardId":102,"awardTitle":"7等奖","isAwardUnlock":true,"sort":2,"waitUnLockCount":0},{"awardId":103,"awardTitle":"6等奖","isAwardUnlock":true,"sort":3,"waitUnLockCount":0},{"awardId":104,"awardTitle":"5等奖","isAwardUnlock":true,"sort":4,"waitUnLockCount":0},{"awardId":105,"awardTitle":"4等奖","isAwardUnlock":true,"sort":5,"waitUnLockCount":0},{"awardId":106,"awardRuleLockCount":1,"awardSubtitle":"抽奖1次后解锁","awardTitle":"3等奖","isAwardUnlock":true,"sort":6,"waitUnLockCount":0},{"awardId":107,"awardRuleLockCount":1,"awardSubtitle":"抽奖1次后解锁","awardTitle":"2等奖","isAwardUnlock":true,"sort":7,"waitUnLockCount":0},{"awardId":108,"awardRuleLockCount":2,"awardSubtitle":"抽奖2次后解锁","awardTitle":"1等奖","isAwardUnlock":true,"sort":8,"waitUnLockCount":0}],"info":"成功"}
25-04-16.11:10:25.015 [scheduling-1    ] INFO  UpdateAwardStockJob    - 定时任务，更新奖品消耗库存 strategyId: 102 awardId: 102
25-04-16.12:43:47.168 [Retail_HikariCP housekeeper] WARN  HikariPool             - Retail_HikariCP - Thread starvation or clock leap detected (housekeeper delta=1h28m3s187ms866µs900ns).
25-04-16.12:43:47.277 [Retail_HikariCP housekeeper] WARN  HikariPool             - Retail_HikariCP - Thread starvation or clock leap detected (housekeeper delta=1h28m3s190ms13µs401ns).
25-04-16.12:43:50.867 [Retail_HikariCP housekeeper] WARN  HikariPool             - Retail_HikariCP - Thread starvation or clock leap detected (housekeeper delta=1h28m3s191ms639µs899ns).
25-04-16.13:58:56.691 [Retail_HikariCP housekeeper] WARN  HikariPool             - Retail_HikariCP - Thread starvation or clock leap detected (housekeeper delta=1h1m39s314ms372µs900ns).
25-04-16.13:58:56.782 [Retail_HikariCP housekeeper] WARN  HikariPool             - Retail_HikariCP - Thread starvation or clock leap detected (housekeeper delta=1h1m39s313ms682µs499ns).
25-04-16.13:59:00.407 [Retail_HikariCP housekeeper] WARN  HikariPool             - Retail_HikariCP - Thread starvation or clock leap detected (housekeeper delta=1h1m39s316ms296µs600ns).
25-04-16.14:30:32.065 [Retail_HikariCP housekeeper] WARN  HikariPool             - Retail_HikariCP - Thread starvation or clock leap detected (housekeeper delta=30m31s776ms345µs200ns).
25-04-16.14:30:32.157 [Retail_HikariCP housekeeper] WARN  HikariPool             - Retail_HikariCP - Thread starvation or clock leap detected (housekeeper delta=30m31s777ms587µs999ns).
25-04-16.14:30:35.770 [Retail_HikariCP housekeeper] WARN  HikariPool             - Retail_HikariCP - Thread starvation or clock leap detected (housekeeper delta=30m31s769ms261µs600ns).
25-04-16.14:35:44.013 [http-nio-8091-exec-44] INFO  RaffleActivityController - 活动抽奖 userId: xiaofuge  activityId: 100301
25-04-16.14:35:44.174 [http-nio-8091-exec-44] INFO  DefaultLogicChain      - 抽奖责任链—默认处理 userId:xiaofuge strategyId:100006 ruleModel:rule_default awardId:103
25-04-16.14:35:44.174 [http-nio-8091-exec-44] INFO  AbstractRaffleStrategy - 抽奖策略计算-责任链: xiaofuge 100006 103 rule_default
25-04-16.14:35:44.192 [http-nio-8091-exec-44] INFO  RuleStockLogicTreeNode - 规则过滤-库存扣减 userId:xiaofuge strategyId:100006 awardId:103
25-04-16.14:35:44.209 [http-nio-8091-exec-44] INFO  DecisionTreeEngine     - 决策树引擎【规则树-兜底奖励】treeId:tree_luck_award node:rule_stock code:0001
25-04-16.14:35:44.210 [http-nio-8091-exec-44] INFO  AbstractRaffleStrategy - 抽奖策略计算-规则树 xiaofuge 100006 103 
25-04-16.14:35:44.275 [http-nio-8091-exec-44] INFO  EventPublisher         - 发送MQ消息 topic:send_award message:{"data":{"awardId":103,"awardTitle":"6等奖","userId":"xiaofuge"},"id":"76100048461","timestamp":"2025-04-16 14:35:44.211"}
25-04-16.14:35:44.340 [org.springframework.amqp.rabbit.RabbitListenerEndpointContainer#1-1] INFO  SendAwardCustomer      - 监听用户奖品发送消息 topic: send_award message: {"data":{"awardId":103,"awardTitle":"6等奖","userId":"xiaofuge"},"id":"76100048461","timestamp":"2025-04-16 14:35:44.211"}
25-04-16.14:35:46.858 [http-nio-8091-exec-47] INFO  RaffleStrategyController - 查询抽奖奖品列表配开始 userId:xiaofuge activityId：100301
25-04-16.14:35:46.889 [http-nio-8091-exec-47] INFO  RaffleStrategyController - 查询抽奖奖品列表配置完成 userId:xiaofuge activityId：100301 response: {"code":"0000","data":[{"awardId":101,"awardTitle":"随机积分","isAwardUnlock":true,"sort":1,"waitUnLockCount":0},{"awardId":102,"awardTitle":"7等奖","isAwardUnlock":true,"sort":2,"waitUnLockCount":0},{"awardId":103,"awardTitle":"6等奖","isAwardUnlock":true,"sort":3,"waitUnLockCount":0},{"awardId":104,"awardTitle":"5等奖","isAwardUnlock":true,"sort":4,"waitUnLockCount":0},{"awardId":105,"awardTitle":"4等奖","isAwardUnlock":true,"sort":5,"waitUnLockCount":0},{"awardId":106,"awardRuleLockCount":1,"awardSubtitle":"抽奖1次后解锁","awardTitle":"3等奖","isAwardUnlock":true,"sort":6,"waitUnLockCount":0},{"awardId":107,"awardRuleLockCount":1,"awardSubtitle":"抽奖1次后解锁","awardTitle":"2等奖","isAwardUnlock":true,"sort":7,"waitUnLockCount":0},{"awardId":108,"awardRuleLockCount":2,"awardSubtitle":"抽奖2次后解锁","awardTitle":"1等奖","isAwardUnlock":true,"sort":8,"waitUnLockCount":0}],"info":"成功"}
25-04-16.14:35:50.011 [scheduling-1    ] INFO  UpdateAwardStockJob    - 定时任务，更新奖品消耗库存 strategyId: 103 awardId: 103
25-04-16.14:35:54.210 [org.springframework.amqp.rabbit.RabbitListenerEndpointContainer#0-2] INFO  SimpleMessageListenerContainer - Waiting for workers to finish.
25-04-16.14:35:54.212 [org.springframework.amqp.rabbit.RabbitListenerEndpointContainer#1-2] INFO  SimpleMessageListenerContainer - Waiting for workers to finish.
25-04-16.14:35:54.459 [org.springframework.amqp.rabbit.RabbitListenerEndpointContainer#1-2] INFO  SimpleMessageListenerContainer - Successfully waited for workers to finish.
25-04-16.14:35:54.459 [org.springframework.amqp.rabbit.RabbitListenerEndpointContainer#0-2] INFO  SimpleMessageListenerContainer - Successfully waited for workers to finish.
25-04-16.14:35:54.887 [SpringApplicationShutdownHook] INFO  SimpleMessageListenerContainer - Shutdown ignored - container is already stopped
25-04-16.14:35:54.887 [SpringApplicationShutdownHook] INFO  SimpleMessageListenerContainer - Shutdown ignored - container is already stopped
25-04-16.14:36:47.185 [main            ] INFO  Application            - Starting Application using Java 1.8.0_391 on joe with PID 65504 (D:\java_study_foundation\big-market\big-market-app\target\classes started by 12789 in D:\java_study_foundation\big-market)
25-04-16.14:36:47.187 [main            ] INFO  Application            - The following 1 profile is active: "dev"
25-04-16.14:36:48.565 [main            ] INFO  RepositoryConfigurationDelegate - Multiple Spring Data modules found, entering strict repository configuration mode
25-04-16.14:36:48.569 [main            ] INFO  RepositoryConfigurationDelegate - Bootstrapping Spring Data Redis repositories in DEFAULT mode.
25-04-16.14:36:48.661 [main            ] INFO  RepositoryConfigurationDelegate - Finished Spring Data repository scanning in 71 ms. Found 0 Redis repository interfaces.
25-04-16.14:36:49.512 [main            ] INFO  TomcatWebServer        - Tomcat initialized with port(s): 8091 (http)
25-04-16.14:36:49.523 [main            ] INFO  Http11NioProtocol      - Initializing ProtocolHandler ["http-nio-8091"]
25-04-16.14:36:49.524 [main            ] INFO  StandardService        - Starting service [Tomcat]
25-04-16.14:36:49.524 [main            ] INFO  StandardEngine         - Starting Servlet engine: [Apache Tomcat/9.0.75]
25-04-16.14:36:49.803 [main            ] INFO  [/]                    - Initializing Spring embedded WebApplicationContext
25-04-16.14:36:49.803 [main            ] INFO  ServletWebServerApplicationContext - Root WebApplicationContext: initialization completed in 2565 ms
25-04-16.14:36:50.234 [main            ] INFO  Version                - Redisson 3.23.4
25-04-16.14:36:50.830 [redisson-netty-2-5] INFO  MasterPubSubConnectionPool - 1 connections initialized for localhost/127.0.0.1:16379
25-04-16.14:36:50.850 [redisson-netty-2-14] INFO  MasterConnectionPool   - 5 connections initialized for localhost/127.0.0.1:16379
25-04-16.14:36:52.832 [main            ] INFO  EndpointLinksResolver  - Exposing 1 endpoint(s) beneath base path '/actuator'
25-04-16.14:36:52.929 [main            ] INFO  Http11NioProtocol      - Starting ProtocolHandler ["http-nio-8091"]
25-04-16.14:36:52.943 [main            ] INFO  TomcatWebServer        - Tomcat started on port(s): 8091 (http) with context path ''
25-04-16.14:36:52.945 [main            ] INFO  CachingConnectionFactory - Attempting to connect to: [127.0.0.1:5672]
25-04-16.14:36:53.019 [main            ] INFO  CachingConnectionFactory - Created new connection: rabbitConnectionFactory#33e4b9c4:0/SimpleConnection@2ce47652 [delegate=amqp://admin@127.0.0.1:5672/, localPort= 52272]
25-04-16.14:36:53.124 [main            ] INFO  Application            - Started Application in 6.412 seconds (JVM running for 7.603)
25-04-16.14:36:53.327 [RMI TCP Connection(2)-192.168.123.222] INFO  [/]                    - Initializing Spring DispatcherServlet 'dispatcherServlet'
25-04-16.14:36:53.327 [RMI TCP Connection(2)-192.168.123.222] INFO  DispatcherServlet      - Initializing Servlet 'dispatcherServlet'
25-04-16.14:36:53.329 [RMI TCP Connection(1)-192.168.123.222] INFO  HikariDataSource       - Retail_HikariCP - Starting...
25-04-16.14:36:53.329 [RMI TCP Connection(2)-192.168.123.222] INFO  DispatcherServlet      - Completed initialization in 2 ms
25-04-16.14:36:53.579 [RMI TCP Connection(1)-192.168.123.222] INFO  HikariDataSource       - Retail_HikariCP - Start completed.
25-04-16.14:36:53.596 [RMI TCP Connection(1)-192.168.123.222] INFO  HikariDataSource       - Retail_HikariCP - Starting...
25-04-16.14:36:53.627 [RMI TCP Connection(1)-192.168.123.222] INFO  HikariDataSource       - Retail_HikariCP - Start completed.
25-04-16.14:37:00.629 [http-nio-8091-exec-2] INFO  RaffleStrategyController - 查询抽奖奖品列表配开始 userId:xiaofuge activityId：100301
25-04-16.14:37:00.629 [http-nio-8091-exec-3] INFO  RaffleStrategyController - 查询抽奖奖品列表配开始 userId:xiaofuge activityId：100301
25-04-16.14:37:00.629 [http-nio-8091-exec-4] INFO  RaffleStrategyController - 查询抽奖奖品列表配开始 userId:xiaofuge activityId：100301
25-04-16.14:37:00.629 [http-nio-8091-exec-1] INFO  RaffleStrategyController - 查询抽奖奖品列表配开始 userId:xiaofuge activityId：100301
25-04-16.14:37:00.633 [http-nio-8091-exec-2] INFO  HikariDataSource       - Retail_HikariCP - Starting...
25-04-16.14:37:00.658 [http-nio-8091-exec-2] INFO  HikariDataSource       - Retail_HikariCP - Start completed.
25-04-16.14:37:00.900 [http-nio-8091-exec-2] INFO  RaffleStrategyController - 查询抽奖奖品列表配置完成 userId:xiaofuge activityId：100301 response: {"code":"0000","data":[{"awardId":101,"awardTitle":"随机积分","isAwardUnlock":true,"sort":1,"waitUnLockCount":0},{"awardId":102,"awardTitle":"7等奖","isAwardUnlock":true,"sort":2,"waitUnLockCount":0},{"awardId":103,"awardTitle":"6等奖","isAwardUnlock":true,"sort":3,"waitUnLockCount":0},{"awardId":104,"awardTitle":"5等奖","isAwardUnlock":true,"sort":4,"waitUnLockCount":0},{"awardId":105,"awardTitle":"4等奖","isAwardUnlock":true,"sort":5,"waitUnLockCount":0},{"awardId":106,"awardRuleLockCount":1,"awardSubtitle":"抽奖1次后解锁","awardTitle":"3等奖","isAwardUnlock":false,"sort":6,"waitUnLockCount":1},{"awardId":107,"awardRuleLockCount":1,"awardSubtitle":"抽奖1次后解锁","awardTitle":"2等奖","isAwardUnlock":false,"sort":7,"waitUnLockCount":1},{"awardId":108,"awardRuleLockCount":2,"awardSubtitle":"抽奖2次后解锁","awardTitle":"1等奖","isAwardUnlock":false,"sort":8,"waitUnLockCount":2}],"info":"成功"}
25-04-16.14:37:00.900 [http-nio-8091-exec-3] INFO  RaffleStrategyController - 查询抽奖奖品列表配置完成 userId:xiaofuge activityId：100301 response: {"code":"0000","data":[{"awardId":101,"awardTitle":"随机积分","isAwardUnlock":true,"sort":1,"waitUnLockCount":0},{"awardId":102,"awardTitle":"7等奖","isAwardUnlock":true,"sort":2,"waitUnLockCount":0},{"awardId":103,"awardTitle":"6等奖","isAwardUnlock":true,"sort":3,"waitUnLockCount":0},{"awardId":104,"awardTitle":"5等奖","isAwardUnlock":true,"sort":4,"waitUnLockCount":0},{"awardId":105,"awardTitle":"4等奖","isAwardUnlock":true,"sort":5,"waitUnLockCount":0},{"awardId":106,"awardRuleLockCount":1,"awardSubtitle":"抽奖1次后解锁","awardTitle":"3等奖","isAwardUnlock":false,"sort":6,"waitUnLockCount":1},{"awardId":107,"awardRuleLockCount":1,"awardSubtitle":"抽奖1次后解锁","awardTitle":"2等奖","isAwardUnlock":false,"sort":7,"waitUnLockCount":1},{"awardId":108,"awardRuleLockCount":2,"awardSubtitle":"抽奖2次后解锁","awardTitle":"1等奖","isAwardUnlock":false,"sort":8,"waitUnLockCount":2}],"info":"成功"}
25-04-16.14:37:00.900 [http-nio-8091-exec-4] INFO  RaffleStrategyController - 查询抽奖奖品列表配置完成 userId:xiaofuge activityId：100301 response: {"code":"0000","data":[{"awardId":101,"awardTitle":"随机积分","isAwardUnlock":true,"sort":1,"waitUnLockCount":0},{"awardId":102,"awardTitle":"7等奖","isAwardUnlock":true,"sort":2,"waitUnLockCount":0},{"awardId":103,"awardTitle":"6等奖","isAwardUnlock":true,"sort":3,"waitUnLockCount":0},{"awardId":104,"awardTitle":"5等奖","isAwardUnlock":true,"sort":4,"waitUnLockCount":0},{"awardId":105,"awardTitle":"4等奖","isAwardUnlock":true,"sort":5,"waitUnLockCount":0},{"awardId":106,"awardRuleLockCount":1,"awardSubtitle":"抽奖1次后解锁","awardTitle":"3等奖","isAwardUnlock":false,"sort":6,"waitUnLockCount":1},{"awardId":107,"awardRuleLockCount":1,"awardSubtitle":"抽奖1次后解锁","awardTitle":"2等奖","isAwardUnlock":false,"sort":7,"waitUnLockCount":1},{"awardId":108,"awardRuleLockCount":2,"awardSubtitle":"抽奖2次后解锁","awardTitle":"1等奖","isAwardUnlock":false,"sort":8,"waitUnLockCount":2}],"info":"成功"}
25-04-16.14:37:00.900 [http-nio-8091-exec-1] INFO  RaffleStrategyController - 查询抽奖奖品列表配置完成 userId:xiaofuge activityId：100301 response: {"code":"0000","data":[{"awardId":101,"awardTitle":"随机积分","isAwardUnlock":true,"sort":1,"waitUnLockCount":0},{"awardId":102,"awardTitle":"7等奖","isAwardUnlock":true,"sort":2,"waitUnLockCount":0},{"awardId":103,"awardTitle":"6等奖","isAwardUnlock":true,"sort":3,"waitUnLockCount":0},{"awardId":104,"awardTitle":"5等奖","isAwardUnlock":true,"sort":4,"waitUnLockCount":0},{"awardId":105,"awardTitle":"4等奖","isAwardUnlock":true,"sort":5,"waitUnLockCount":0},{"awardId":106,"awardRuleLockCount":1,"awardSubtitle":"抽奖1次后解锁","awardTitle":"3等奖","isAwardUnlock":false,"sort":6,"waitUnLockCount":1},{"awardId":107,"awardRuleLockCount":1,"awardSubtitle":"抽奖1次后解锁","awardTitle":"2等奖","isAwardUnlock":false,"sort":7,"waitUnLockCount":1},{"awardId":108,"awardRuleLockCount":2,"awardSubtitle":"抽奖2次后解锁","awardTitle":"1等奖","isAwardUnlock":false,"sort":8,"waitUnLockCount":2}],"info":"成功"}
25-04-16.14:37:14.022 [http-nio-8091-exec-9] INFO  RaffleActivityController - 活动抽奖 userId: xiaofuge  activityId: 100301
25-04-16.14:37:14.163 [http-nio-8091-exec-9] INFO  DefaultLogicChain      - 抽奖责任链—默认处理 userId:xiaofuge strategyId:100006 ruleModel:rule_default awardId:107
25-04-16.14:37:14.166 [http-nio-8091-exec-9] INFO  AbstractRaffleStrategy - 抽奖策略计算-责任链: xiaofuge 100006 107 rule_default
25-04-16.14:37:14.192 [http-nio-8091-exec-9] INFO  RuleLockLogicTreeNode  - 规则过滤-次数锁 userId:xiaofuge strategyId:100006 awardId:107
25-04-16.14:37:14.203 [http-nio-8091-exec-9] INFO  DecisionTreeEngine     - 决策树引擎【规则树】treeId:tree_lock_1 node:rule_lock code:0000
25-04-16.14:37:14.207 [http-nio-8091-exec-9] INFO  RuleStockLogicTreeNode - 规则过滤-库存扣减 userId:xiaofuge strategyId:100006 awardId:107
25-04-16.14:37:14.247 [http-nio-8091-exec-9] INFO  DecisionTreeEngine     - 决策树引擎【规则树】treeId:tree_lock_1 node:rule_stock code:0001
25-04-16.14:37:14.248 [http-nio-8091-exec-9] INFO  AbstractRaffleStrategy - 抽奖策略计算-规则树 xiaofuge 100006 107 
25-04-16.14:37:14.310 [http-nio-8091-exec-9] INFO  EventPublisher         - 发送MQ消息 topic:send_award message:{"data":{"awardId":107,"awardTitle":"2等奖","userId":"xiaofuge"},"id":"62942904291","timestamp":"2025-04-16 14:37:14.256"}
25-04-16.14:37:14.324 [org.springframework.amqp.rabbit.RabbitListenerEndpointContainer#1-1] INFO  SendAwardCustomer      - 监听用户奖品发送消息 topic: send_award message: {"data":{"awardId":107,"awardTitle":"2等奖","userId":"xiaofuge"},"id":"62942904291","timestamp":"2025-04-16 14:37:14.256"}
25-04-16.14:37:16.894 [http-nio-8091-exec-6] INFO  RaffleStrategyController - 查询抽奖奖品列表配开始 userId:xiaofuge activityId：100301
25-04-16.14:37:16.916 [http-nio-8091-exec-6] INFO  RaffleStrategyController - 查询抽奖奖品列表配置完成 userId:xiaofuge activityId：100301 response: {"code":"0000","data":[{"awardId":101,"awardTitle":"随机积分","isAwardUnlock":true,"sort":1,"waitUnLockCount":0},{"awardId":102,"awardTitle":"7等奖","isAwardUnlock":true,"sort":2,"waitUnLockCount":0},{"awardId":103,"awardTitle":"6等奖","isAwardUnlock":true,"sort":3,"waitUnLockCount":0},{"awardId":104,"awardTitle":"5等奖","isAwardUnlock":true,"sort":4,"waitUnLockCount":0},{"awardId":105,"awardTitle":"4等奖","isAwardUnlock":true,"sort":5,"waitUnLockCount":0},{"awardId":106,"awardRuleLockCount":1,"awardSubtitle":"抽奖1次后解锁","awardTitle":"3等奖","isAwardUnlock":true,"sort":6,"waitUnLockCount":0},{"awardId":107,"awardRuleLockCount":1,"awardSubtitle":"抽奖1次后解锁","awardTitle":"2等奖","isAwardUnlock":true,"sort":7,"waitUnLockCount":0},{"awardId":108,"awardRuleLockCount":2,"awardSubtitle":"抽奖2次后解锁","awardTitle":"1等奖","isAwardUnlock":true,"sort":8,"waitUnLockCount":0}],"info":"成功"}
25-04-16.14:37:20.009 [scheduling-1    ] INFO  UpdateAwardStockJob    - 定时任务，更新奖品消耗库存 strategyId: 107 awardId: 107
25-04-16.14:37:24.294 [http-nio-8091-exec-7] INFO  RaffleActivityController - 活动抽奖 userId: xiaofuge  activityId: 100301
25-04-16.14:37:24.368 [http-nio-8091-exec-7] INFO  DefaultLogicChain      - 抽奖责任链—默认处理 userId:xiaofuge strategyId:100006 ruleModel:rule_default awardId:102
25-04-16.14:37:24.369 [http-nio-8091-exec-7] INFO  AbstractRaffleStrategy - 抽奖策略计算-责任链: xiaofuge 100006 102 rule_default
25-04-16.14:37:24.379 [http-nio-8091-exec-7] INFO  RuleStockLogicTreeNode - 规则过滤-库存扣减 userId:xiaofuge strategyId:100006 awardId:102
25-04-16.14:37:24.386 [http-nio-8091-exec-7] INFO  DecisionTreeEngine     - 决策树引擎【规则树-兜底奖励】treeId:tree_luck_award node:rule_stock code:0001
25-04-16.14:37:24.387 [http-nio-8091-exec-7] INFO  AbstractRaffleStrategy - 抽奖策略计算-规则树 xiaofuge 100006 102 
25-04-16.14:37:24.420 [http-nio-8091-exec-7] INFO  EventPublisher         - 发送MQ消息 topic:send_award message:{"data":{"awardId":102,"awardTitle":"7等奖","userId":"xiaofuge"},"id":"86863367799","timestamp":"2025-04-16 14:37:24.389"}
25-04-16.14:37:24.426 [org.springframework.amqp.rabbit.RabbitListenerEndpointContainer#1-1] INFO  SendAwardCustomer      - 监听用户奖品发送消息 topic: send_award message: {"data":{"awardId":102,"awardTitle":"7等奖","userId":"xiaofuge"},"id":"86863367799","timestamp":"2025-04-16 14:37:24.389"}
25-04-16.14:37:27.046 [http-nio-8091-exec-8] INFO  RaffleStrategyController - 查询抽奖奖品列表配开始 userId:xiaofuge activityId：100301
25-04-16.14:37:27.062 [http-nio-8091-exec-8] INFO  RaffleStrategyController - 查询抽奖奖品列表配置完成 userId:xiaofuge activityId：100301 response: {"code":"0000","data":[{"awardId":101,"awardTitle":"随机积分","isAwardUnlock":true,"sort":1,"waitUnLockCount":0},{"awardId":102,"awardTitle":"7等奖","isAwardUnlock":true,"sort":2,"waitUnLockCount":0},{"awardId":103,"awardTitle":"6等奖","isAwardUnlock":true,"sort":3,"waitUnLockCount":0},{"awardId":104,"awardTitle":"5等奖","isAwardUnlock":true,"sort":4,"waitUnLockCount":0},{"awardId":105,"awardTitle":"4等奖","isAwardUnlock":true,"sort":5,"waitUnLockCount":0},{"awardId":106,"awardRuleLockCount":1,"awardSubtitle":"抽奖1次后解锁","awardTitle":"3等奖","isAwardUnlock":true,"sort":6,"waitUnLockCount":0},{"awardId":107,"awardRuleLockCount":1,"awardSubtitle":"抽奖1次后解锁","awardTitle":"2等奖","isAwardUnlock":true,"sort":7,"waitUnLockCount":0},{"awardId":108,"awardRuleLockCount":2,"awardSubtitle":"抽奖2次后解锁","awardTitle":"1等奖","isAwardUnlock":true,"sort":8,"waitUnLockCount":0}],"info":"成功"}
25-04-16.14:37:30.017 [scheduling-1    ] INFO  UpdateAwardStockJob    - 定时任务，更新奖品消耗库存 strategyId: 102 awardId: 102
25-04-16.14:57:59.521 [Retail_HikariCP housekeeper] WARN  HikariPool             - Retail_HikariCP - Thread starvation or clock leap detected (housekeeper delta=14m28s667ms593µs800ns).
25-04-16.14:58:03.939 [org.springframework.amqp.rabbit.RabbitListenerEndpointContainer#0-2] INFO  SimpleMessageListenerContainer - Waiting for workers to finish.
25-04-16.14:58:03.942 [org.springframework.amqp.rabbit.RabbitListenerEndpointContainer#1-2] INFO  SimpleMessageListenerContainer - Waiting for workers to finish.
25-04-16.14:58:03.948 [org.springframework.amqp.rabbit.RabbitListenerEndpointContainer#0-2] INFO  SimpleMessageListenerContainer - Successfully waited for workers to finish.
25-04-16.14:58:04.900 [org.springframework.amqp.rabbit.RabbitListenerEndpointContainer#1-2] INFO  SimpleMessageListenerContainer - Successfully waited for workers to finish.
25-04-16.14:58:05.278 [SpringApplicationShutdownHook] INFO  SimpleMessageListenerContainer - Shutdown ignored - container is already stopped
25-04-16.14:58:05.278 [SpringApplicationShutdownHook] INFO  SimpleMessageListenerContainer - Shutdown ignored - container is already stopped
